
*** Running vivado
    with args -log top_15_2.vds -m64 -product Vivado -mode batch -messageDb vivado.pb -notrace -source top_15_2.tcl



****** Vivado v2025.2 (64-bit)
  **** SW Build 6299465 on Fri Nov 14 19:35:11 GMT 2025
  **** IP Build 6300035 on Fri Nov 14 10:48:45 MST 2025
  **** SharedData Build 6298862 on Thu Nov 13 04:50:51 MST 2025
  **** Start of session at: Tue Mar 17 16:10:57 2026
    ** Copyright 1986-2022 Xilinx, Inc. All Rights Reserved.
    ** Copyright 2022-2025 Advanced Micro Devices, Inc. All Rights Reserved.

source top_15_2.tcl -notrace
create_project: Time (s): cpu = 00:00:13 ; elapsed = 00:00:09 . Memory (MB): peak = 526.234 ; gain = 222.336
Command: synth_design -top top_15_2 -part xc7z020clg400-1
Starting synth_design
Attempting to get a license for feature 'Synthesis' and/or device 'xc7z020'
INFO: [Common 17-349] Got license for feature 'Synthesis' and/or device 'xc7z020'
INFO: [Device 21-403] Loading part xc7z020clg400-1
INFO: [Synth 8-7079] Multithreading enabled for synth_design using a maximum of 2 processes.
INFO: [Synth 8-7078] Launching helper process for spawning children vivado processes
INFO: [Synth 8-7075] Helper process launched with PID 17456
---------------------------------------------------------------------------------
Starting RTL Elaboration : Time (s): cpu = 00:00:06 ; elapsed = 00:00:08 . Memory (MB): peak = 1302.383 ; gain = 539.965
---------------------------------------------------------------------------------
INFO: [Synth 8-6157] synthesizing module 'top_15_2' [C:/logic system lab/Lab2/Lab2_P4/Lab2_P4.srcs/sources_1/new/top_15_2.v:23]
INFO: [Synth 8-6157] synthesizing module 'Encoder_15' [C:/logic system lab/Lab2/Lab2_P4/Lab2_P4.srcs/sources_1/imports/Lab2/Lab2_P3/Lab2_P3.srcs/sources_1/new/Encoder_15.v:23]
INFO: [Synth 8-6155] done synthesizing module 'Encoder_15' (0#1) [C:/logic system lab/Lab2/Lab2_P4/Lab2_P4.srcs/sources_1/imports/Lab2/Lab2_P3/Lab2_P3.srcs/sources_1/new/Encoder_15.v:23]
INFO: [Synth 8-6157] synthesizing module 'Decoder_7S2' [C:/logic system lab/Lab2/Lab2_P4/Lab2_P4.srcs/sources_1/imports/Lab2/Lab2_P2/Lab2_P2.srcs/sources_1/new/Decoder_7S2.v:23]
INFO: [Synth 8-6155] done synthesizing module 'Decoder_7S2' (0#1) [C:/logic system lab/Lab2/Lab2_P4/Lab2_P4.srcs/sources_1/imports/Lab2/Lab2_P2/Lab2_P2.srcs/sources_1/new/Decoder_7S2.v:23]
INFO: [Synth 8-6155] done synthesizing module 'top_15_2' (0#1) [C:/logic system lab/Lab2/Lab2_P4/Lab2_P4.srcs/sources_1/new/top_15_2.v:23]
---------------------------------------------------------------------------------
Finished RTL Elaboration : Time (s): cpu = 00:00:10 ; elapsed = 00:00:13 . Memory (MB): peak = 1420.168 ; gain = 657.750
---------------------------------------------------------------------------------
---------------------------------------------------------------------------------
Start Handling Custom Attributes
---------------------------------------------------------------------------------
---------------------------------------------------------------------------------
Finished Handling Custom Attributes : Time (s): cpu = 00:00:10 ; elapsed = 00:00:13 . Memory (MB): peak = 1420.168 ; gain = 657.750
---------------------------------------------------------------------------------
---------------------------------------------------------------------------------
Finished RTL Optimization Phase 1 : Time (s): cpu = 00:00:10 ; elapsed = 00:00:13 . Memory (MB): peak = 1420.168 ; gain = 657.750
---------------------------------------------------------------------------------
Netlist sorting complete. Time (s): cpu = 00:00:00 ; elapsed = 00:00:00.002 . Memory (MB): peak = 1420.168 ; gain = 0.000
INFO: [Project 1-570] Preparing netlist for logic optimization

Processing XDC Constraints
Initializing timing engine
Parsing XDC File [C:/logic system lab/Lab2/Lab2_P4/Lab2_P4.srcs/constrs_1/imports/pynq-z2_v1.0.xdc/PYNQ-Z2 v1.0.xdc]
Finished Parsing XDC File [C:/logic system lab/Lab2/Lab2_P4/Lab2_P4.srcs/constrs_1/imports/pynq-z2_v1.0.xdc/PYNQ-Z2 v1.0.xdc]
INFO: [Project 1-236] Implementation specific constraints were found while reading constraint file [C:/logic system lab/Lab2/Lab2_P4/Lab2_P4.srcs/constrs_1/imports/pynq-z2_v1.0.xdc/PYNQ-Z2 v1.0.xdc]. These constraints will be ignored for synthesis but will be used in implementation. Impacted constraints are listed in the file [.Xil/top_15_2_propImpl.xdc].
Resolution: To avoid this warning, move constraints listed in [.Xil/top_15_2_propImpl.xdc] to another XDC file and exclude this new file from synthesis with the used_in_synthesis property (File Properties dialog in GUI) and re-run elaboration/synthesis.
Completed Processing XDC Constraints

Netlist sorting complete. Time (s): cpu = 00:00:00 ; elapsed = 00:00:00 . Memory (MB): peak = 1479.156 ; gain = 0.000
INFO: [Project 1-111] Unisim Transformation Summary:
No Unisim elements were transformed.

Constraint Validation Runtime : Time (s): cpu = 00:00:00 ; elapsed = 00:00:00.004 . Memory (MB): peak = 1479.156 ; gain = 0.000
---------------------------------------------------------------------------------
Finished Constraint Validation : Time (s): cpu = 00:00:21 ; elapsed = 00:00:25 . Memory (MB): peak = 1479.156 ; gain = 716.738
---------------------------------------------------------------------------------
---------------------------------------------------------------------------------
Start Loading Part and Timing Information
---------------------------------------------------------------------------------
Loading part: xc7z020clg400-1
---------------------------------------------------------------------------------
Finished Loading Part and Timing Information : Time (s): cpu = 00:00:21 ; elapsed = 00:00:25 . Memory (MB): peak = 1479.156 ; gain = 716.738
---------------------------------------------------------------------------------
---------------------------------------------------------------------------------
Start Applying 'set_property' XDC Constraints
---------------------------------------------------------------------------------
---------------------------------------------------------------------------------
Finished applying 'set_property' XDC Constraints : Time (s): cpu = 00:00:21 ; elapsed = 00:00:25 . Memory (MB): peak = 1479.156 ; gain = 716.738
---------------------------------------------------------------------------------
---------------------------------------------------------------------------------
Finished RTL Optimization Phase 2 : Time (s): cpu = 00:00:23 ; elapsed = 00:00:28 . Memory (MB): peak = 1479.156 ; gain = 716.738
---------------------------------------------------------------------------------
---------------------------------------------------------------------------------
Start RTL Component Statistics 
---------------------------------------------------------------------------------
Detailed RTL Component Info : 
+---Muxes : 
	  16 Input    7 Bit        Muxes := 1     
---------------------------------------------------------------------------------
Finished RTL Component Statistics 
---------------------------------------------------------------------------------
---------------------------------------------------------------------------------
Start Part Resource Summary
---------------------------------------------------------------------------------
Part Resources:
DSPs: 220 (col length:60)
BRAMs: 280 (col length: RAMB18 60 RAMB36 30)
---------------------------------------------------------------------------------
Finished Part Resource Summary
---------------------------------------------------------------------------------
---------------------------------------------------------------------------------
Start Cross Boundary and Area Optimization
---------------------------------------------------------------------------------
WARNING: [Synth 8-3917] design top_15_2 has port out_1[5] driven by constant 0
WARNING: [Synth 8-3917] design top_15_2 has port out_1[4] driven by constant 0
WARNING: [Synth 8-3917] design top_15_2 has port out_1[0] driven by constant 1
---------------------------------------------------------------------------------
Finished Cross Boundary and Area Optimization : Time (s): cpu = 00:00:27 ; elapsed = 00:00:32 . Memory (MB): peak = 1611.441 ; gain = 849.023
---------------------------------------------------------------------------------
---------------------------------------------------------------------------------
Start Applying XDC Timing Constraints
---------------------------------------------------------------------------------
---------------------------------------------------------------------------------
Finished Applying XDC Timing Constraints : Time (s): cpu = 00:00:35 ; elapsed = 00:00:40 . Memory (MB): peak = 1721.406 ; gain = 958.988
---------------------------------------------------------------------------------
---------------------------------------------------------------------------------
Start Timing Optimization
---------------------------------------------------------------------------------
---------------------------------------------------------------------------------
Finished Timing Optimization : Time (s): cpu = 00:00:35 ; elapsed = 00:00:40 . Memory (MB): peak = 1721.406 ; gain = 958.988
---------------------------------------------------------------------------------
---------------------------------------------------------------------------------
Start Technology Mapping
---------------------------------------------------------------------------------
---------------------------------------------------------------------------------
Finished Technology Mapping : Time (s): cpu = 00:00:35 ; elapsed = 00:00:40 . Memory (MB): peak = 1730.992 ; gain = 968.574
---------------------------------------------------------------------------------
---------------------------------------------------------------------------------
Start IO Insertion
---------------------------------------------------------------------------------
---------------------------------------------------------------------------------
Start Flattening Before IO Insertion
---------------------------------------------------------------------------------
---------------------------------------------------------------------------------
Finished Flattening Before IO Insertion
---------------------------------------------------------------------------------
---------------------------------------------------------------------------------
Start Final Netlist Cleanup
---------------------------------------------------------------------------------
---------------------------------------------------------------------------------
Finished Final Netlist Cleanup
---------------------------------------------------------------------------------
---------------------------------------------------------------------------------
Finished IO Insertion : Time (s): cpu = 00:00:39 ; elapsed = 00:00:44 . Memory (MB): peak = 1971.066 ; gain = 1208.648
---------------------------------------------------------------------------------
---------------------------------------------------------------------------------
Start Renaming Generated Instances
---------------------------------------------------------------------------------
---------------------------------------------------------------------------------
Finished Renaming Generated Instances : Time (s): cpu = 00:00:39 ; elapsed = 00:00:44 . Memory (MB): peak = 1971.066 ; gain = 1208.648
---------------------------------------------------------------------------------
---------------------------------------------------------------------------------
Start Rebuilding User Hierarchy
---------------------------------------------------------------------------------
---------------------------------------------------------------------------------
Finished Rebuilding User Hierarchy : Time (s): cpu = 00:00:39 ; elapsed = 00:00:44 . Memory (MB): peak = 1971.066 ; gain = 1208.648
---------------------------------------------------------------------------------
---------------------------------------------------------------------------------
Start Renaming Generated Ports
---------------------------------------------------------------------------------
---------------------------------------------------------------------------------
Finished Renaming Generated Ports : Time (s): cpu = 00:00:39 ; elapsed = 00:00:44 . Memory (MB): peak = 1971.066 ; gain = 1208.648
---------------------------------------------------------------------------------
---------------------------------------------------------------------------------
Start Handling Custom Attributes
---------------------------------------------------------------------------------
---------------------------------------------------------------------------------
Finished Handling Custom Attributes : Time (s): cpu = 00:00:39 ; elapsed = 00:00:44 . Memory (MB): peak = 1971.066 ; gain = 1208.648
---------------------------------------------------------------------------------
---------------------------------------------------------------------------------
Start Renaming Generated Nets
---------------------------------------------------------------------------------
---------------------------------------------------------------------------------
Finished Renaming Generated Nets : Time (s): cpu = 00:00:39 ; elapsed = 00:00:44 . Memory (MB): peak = 1971.066 ; gain = 1208.648
---------------------------------------------------------------------------------
---------------------------------------------------------------------------------
Start Writing Synthesis Report
---------------------------------------------------------------------------------

Report BlackBoxes: 
+-+--------------+----------+
| |BlackBox name |Instances |
+-+--------------+----------+
+-+--------------+----------+

Report Cell Usage: 
+------+-----+------+
|      |Cell |Count |
+------+-----+------+
|1     |LUT2 |     1|
|2     |LUT3 |     1|
|3     |LUT4 |     3|
|4     |LUT5 |     5|
|5     |LUT6 |    21|
|6     |IBUF |    15|
|7     |OBUF |    18|
+------+-----+------+
---------------------------------------------------------------------------------
Finished Writing Synthesis Report : Time (s): cpu = 00:00:39 ; elapsed = 00:00:44 . Memory (MB): peak = 1971.066 ; gain = 1208.648
---------------------------------------------------------------------------------
Synthesis finished with 0 errors, 0 critical warnings and 3 warnings.
Synthesis Optimization Runtime : Time (s): cpu = 00:00:26 ; elapsed = 00:00:40 . Memory (MB): peak = 1971.066 ; gain = 1149.660
Synthesis Optimization Complete : Time (s): cpu = 00:00:39 ; elapsed = 00:00:45 . Memory (MB): peak = 1971.066 ; gain = 1208.648
INFO: [Project 1-571] Translating synthesized netlist
Netlist sorting complete. Time (s): cpu = 00:00:00 ; elapsed = 00:00:00 . Memory (MB): peak = 1980.219 ; gain = 0.000
INFO: [Project 1-570] Preparing netlist for logic optimization
INFO: [Opt 31-138] Pushed 0 inverter(s) to 0 load pin(s).
Netlist sorting complete. Time (s): cpu = 00:00:00 ; elapsed = 00:00:00 . Memory (MB): peak = 1983.867 ; gain = 0.000
INFO: [Project 1-111] Unisim Transformation Summary:
No Unisim elements were transformed.

Synth Design complete | Checksum: 6229cf6e
INFO: [Common 17-83] Releasing license: Synthesis
19 Infos, 3 Warnings, 0 Critical Warnings and 0 Errors encountered.
synth_design completed successfully
synth_design: Time (s): cpu = 00:00:45 ; elapsed = 00:01:11 . Memory (MB): peak = 1983.867 ; gain = 1457.633
Write ShapeDB Complete: Time (s): cpu = 00:00:00 ; elapsed = 00:00:00.002 . Memory (MB): peak = 1983.867 ; gain = 0.000
INFO: [Common 17-1381] The checkpoint 'C:/logic system lab/Lab2/Lab2_P4/Lab2_P4.runs/synth_1/top_15_2.dcp' has been generated.
INFO: [Vivado 12-24828] Executing command : report_utilization -file top_15_2_utilization_synth.rpt -pb top_15_2_utilization_synth.pb
INFO: [Common 17-206] Exiting Vivado at Tue Mar 17 16:12:24 2026...
