Vivado Simulator v2025.2
Copyright 1986-2022 Xilinx, Inc. All Rights Reserved.
Copyright 2022-2025 Advanced Micro Devices, Inc. All Rights Reserved.
Running: D:/Applications/AMD_Vivado/2025.2/Vivado/bin/unwrapped/win64.o/xelab.exe --incr --debug typical --relax --mt 2 -L xil_defaultlib -L unisims_ver -L unimacro_ver -L secureip --snapshot top_tb_behav xil_defaultlib.top_tb xil_defaultlib.glbl -log elaborate.log 
Using 2 slave threads.
Starting static elaboration
Pass Through NonSizing Optimizer
Completed static elaboration
Starting simulation data flow analysis
WARNING: [XSIM 43-4099] "D:/LogicDesignLab/lab7/src/rtl/top.v" Line 1. Module Top(WAIT_BASE_CYCLES=8,WAIT_STEP_CYCLES=2,HIT_CYCLES=20) doesn't have a timescale but at least one module in design has a timescale.
WARNING: [XSIM 43-4099] "D:/LogicDesignLab/lab7/src/rtl/lfsr_4bit.v" Line 1. Module lfsr_4bit doesn't have a timescale but at least one module in design has a timescale.
WARNING: [XSIM 43-4099] "D:/LogicDesignLab/lab7/src/rtl/single_mole.v" Line 1. Module single_mole(WAIT_BASE_CYCLES=8,WAIT_STEP_CYCLES=2,HIT_CYCLES=20) doesn't have a timescale but at least one module in design has a timescale.
WARNING: [XSIM 43-4099] "D:/LogicDesignLab/lab7/src/rtl/single_mole.v" Line 1. Module single_mole(WAIT_BASE_CYCLES=8,WAIT_STEP_CYCLES=2,HIT_CYCLES=20) doesn't have a timescale but at least one module in design has a timescale.
WARNING: [XSIM 43-4099] "D:/LogicDesignLab/lab7/src/rtl/single_mole.v" Line 1. Module single_mole(WAIT_BASE_CYCLES=8,WAIT_STEP_CYCLES=2,HIT_CYCLES=20) doesn't have a timescale but at least one module in design has a timescale.
WARNING: [XSIM 43-4099] "D:/LogicDesignLab/lab7/src/rtl/single_mole.v" Line 1. Module single_mole(WAIT_BASE_CYCLES=8,WAIT_STEP_CYCLES=2,HIT_CYCLES=20) doesn't have a timescale but at least one module in design has a timescale.
Completed simulation data flow analysis
Time Resolution for simulation is 1ps
Compiling module xil_defaultlib.lfsr_4bit
Compiling module xil_defaultlib.single_mole(WAIT_BASE_CYCLES=8,W...
Compiling module xil_defaultlib.Top(WAIT_BASE_CYCLES=8,WAIT_STEP...
Compiling module xil_defaultlib.top_tb
Compiling module xil_defaultlib.glbl
Built simulation snapshot top_tb_behav
