Vivado Simulator v2025.2
Copyright 1986-2022 Xilinx, Inc. All Rights Reserved.
Copyright 2022-2025 Advanced Micro Devices, Inc. All Rights Reserved.
Running: D:/Applications/AMD_Vivado/2025.2/Vivado/bin/unwrapped/win64.o/xelab.exe --incr --debug typical --relax --mt 2 -L xil_defaultlib -L unisims_ver -L unimacro_ver -L secureip --snapshot lab2_7S1_decoder_tb_behav xil_defaultlib.lab2_7S1_decoder_tb xil_defaultlib.glbl -log elaborate.log 
Using 2 slave threads.
Starting static elaboration
Pass Through NonSizing Optimizer
WARNING: [VRFC 10-3705] select index 7 into 'seg_display' is out of bounds [D:/LogicDesignLab/Lab2/Lab2_testbench/practice2/lab2_7S1_decoder_tb.v:78]
WARNING: [VRFC 10-3705] select index 8 into 'seg_display' is out of bounds [D:/LogicDesignLab/Lab2/Lab2_testbench/practice2/lab2_7S1_decoder_tb.v:79]
WARNING: [VRFC 10-3705] select index 9 into 'seg_display' is out of bounds [D:/LogicDesignLab/Lab2/Lab2_testbench/practice2/lab2_7S1_decoder_tb.v:80]
WARNING: [VRFC 10-3705] select index 10 into 'seg_display' is out of bounds [D:/LogicDesignLab/Lab2/Lab2_testbench/practice2/lab2_7S1_decoder_tb.v:81]
WARNING: [VRFC 10-3705] select index 11 into 'seg_display' is out of bounds [D:/LogicDesignLab/Lab2/Lab2_testbench/practice2/lab2_7S1_decoder_tb.v:82]
WARNING: [VRFC 10-3705] select index 12 into 'seg_display' is out of bounds [D:/LogicDesignLab/Lab2/Lab2_testbench/practice2/lab2_7S1_decoder_tb.v:83]
WARNING: [VRFC 10-3705] select index 13 into 'seg_display' is out of bounds [D:/LogicDesignLab/Lab2/Lab2_testbench/practice2/lab2_7S1_decoder_tb.v:84]
WARNING: [VRFC 10-3705] select index 7 into 'golden_display' is out of bounds [D:/LogicDesignLab/Lab2/Lab2_testbench/practice2/lab2_7S1_decoder_tb.v:93]
WARNING: [VRFC 10-3705] select index 8 into 'golden_display' is out of bounds [D:/LogicDesignLab/Lab2/Lab2_testbench/practice2/lab2_7S1_decoder_tb.v:94]
WARNING: [VRFC 10-3705] select index 9 into 'golden_display' is out of bounds [D:/LogicDesignLab/Lab2/Lab2_testbench/practice2/lab2_7S1_decoder_tb.v:95]
WARNING: [VRFC 10-3705] select index 10 into 'golden_display' is out of bounds [D:/LogicDesignLab/Lab2/Lab2_testbench/practice2/lab2_7S1_decoder_tb.v:96]
WARNING: [VRFC 10-3705] select index 11 into 'golden_display' is out of bounds [D:/LogicDesignLab/Lab2/Lab2_testbench/practice2/lab2_7S1_decoder_tb.v:97]
WARNING: [VRFC 10-3705] select index 12 into 'golden_display' is out of bounds [D:/LogicDesignLab/Lab2/Lab2_testbench/practice2/lab2_7S1_decoder_tb.v:98]
WARNING: [VRFC 10-3705] select index 13 into 'golden_display' is out of bounds [D:/LogicDesignLab/Lab2/Lab2_testbench/practice2/lab2_7S1_decoder_tb.v:99]
WARNING: [VRFC 10-3705] select index 13 into 'golden_display' is out of bounds [D:/LogicDesignLab/Lab2/Lab2_testbench/practice2/lab2_7S1_decoder_tb.v:115]
WARNING: [VRFC 10-3705] select index 8 into 'golden_display' is out of bounds [D:/LogicDesignLab/Lab2/Lab2_testbench/practice2/lab2_7S1_decoder_tb.v:116]
WARNING: [VRFC 10-3705] select index 7 into 'golden_display' is out of bounds [D:/LogicDesignLab/Lab2/Lab2_testbench/practice2/lab2_7S1_decoder_tb.v:117]
WARNING: [VRFC 10-3705] select index 9 into 'golden_display' is out of bounds [D:/LogicDesignLab/Lab2/Lab2_testbench/practice2/lab2_7S1_decoder_tb.v:118]
WARNING: [VRFC 10-3705] select index 10 into 'golden_display' is out of bounds [D:/LogicDesignLab/Lab2/Lab2_testbench/practice2/lab2_7S1_decoder_tb.v:119]
WARNING: [VRFC 10-3705] select index 13 into 'seg_display' is out of bounds [D:/LogicDesignLab/Lab2/Lab2_testbench/practice2/lab2_7S1_decoder_tb.v:121]
WARNING: [VRFC 10-3705] select index 8 into 'seg_display' is out of bounds [D:/LogicDesignLab/Lab2/Lab2_testbench/practice2/lab2_7S1_decoder_tb.v:122]
WARNING: [VRFC 10-3705] select index 7 into 'seg_display' is out of bounds [D:/LogicDesignLab/Lab2/Lab2_testbench/practice2/lab2_7S1_decoder_tb.v:123]
WARNING: [VRFC 10-3705] select index 9 into 'seg_display' is out of bounds [D:/LogicDesignLab/Lab2/Lab2_testbench/practice2/lab2_7S1_decoder_tb.v:124]
WARNING: [VRFC 10-3705] select index 10 into 'seg_display' is out of bounds [D:/LogicDesignLab/Lab2/Lab2_testbench/practice2/lab2_7S1_decoder_tb.v:125]
Completed static elaboration
INFO: [XSIM 43-4323] No Change in HDL. Linking previously generated obj files to create kernel
