#-----------------------------------------------------------
# Vivado v2025.2 (64-bit)
# SW Build 6299465 on Fri Nov 14 19:35:11 GMT 2025
# IP Build 6300035 on Fri Nov 14 10:48:45 MST 2025
# SharedData Build 6298862 on Thu Nov 13 04:50:51 MST 2025
# Start of session at: Tue Mar 17 15:24:08 2026
# Process ID         : 17376
# Current directory  : D:/LogicDesignLab/Lab2/Practice4/top15_2_1
# Command line       : vivado.exe -gui_launcher_event rodinguilauncherevent25300 D:\LogicDesignLab\Lab2\Practice4\top15_2_1\top15_2_1.xpr
# Log file           : D:/LogicDesignLab/Lab2/Practice4/top15_2_1/vivado.log
# Journal file       : D:/LogicDesignLab/Lab2/Practice4/top15_2_1\vivado.jou
# Running On         : LAPTOP-L8B3PG7A
# Platform           : Windows Server 2016 or Windows 10
# Operating System   : 26200
# Processor Detail   : Intel(R) Core(TM) Ultra 7 155H
# CPU Frequency      : 2995 MHz
# CPU Physical cores : 16
# CPU Logical cores  : 22
# Host memory        : 34046 MB
# Swap memory        : 2147 MB
# Total Virtual      : 36194 MB
# Available Virtual  : 19523 MB
#-----------------------------------------------------------
start_gui
open_project D:/LogicDesignLab/Lab2/Practice4/top15_2_1/top15_2_1.xpr
INFO: [Common 17-41] Interrupt caught. Command should exit soon.
WARNING: [Board 49-26] cannot add Board Part xilinx.com:ac701:part0:1.4 available at D:/Applications/AMD_Vivado/2025.2/data/xhub/boards\XilinxBoardStore\boards\Xilinx\ac701\1.4\board.xml as part xc7a200tfbg676-2 specified in board_part file is either invalid or not available
WARNING: [Board 49-26] cannot add Board Part xilinx.com:emb-plus-vpr-4616:part0:1.0 available at D:/Applications/AMD_Vivado/2025.2/data/xhub/boards\XilinxBoardStore\boards\Xilinx\emb-plus-vpr-4616\1.0\board.xml as part xcve2302-sfva784-2mp-e-s specified in board_part file is either invalid or not available
WARNING: [Board 49-26] cannot add Board Part xilinx.com:emb-plus-vpr-4616:part0:1.1 available at D:/Applications/AMD_Vivado/2025.2/data/xhub/boards\XilinxBoardStore\boards\Xilinx\emb-plus-vpr-4616\1.1\board.xml as part xcve2302-sfva784-2mp-e-s specified in board_part file is either invalid or not available
WARNING: [Board 49-26] cannot add Board Part xilinx.com:k24c:part0:1.0 available at D:/Applications/AMD_Vivado/2025.2/data/xhub/boards\XilinxBoardStore\boards\Xilinx\k24c\1.0\board.xml as part xck24-ubva530-2lv-c specified in board_part file is either invalid or not available
WARNING: [Board 49-26] cannot add Board Part xilinx.com:k24c:part0:1.1 available at D:/Applications/AMD_Vivado/2025.2/data/xhub/boards\XilinxBoardStore\boards\Xilinx\k24c\1.1\board.xml as part xck24-ubva530-2lv-c specified in board_part file is either invalid or not available
WARNING: [Board 49-26] cannot add Board Part xilinx.com:k24i:part0:1.0 available at D:/Applications/AMD_Vivado/2025.2/data/xhub/boards\XilinxBoardStore\boards\Xilinx\k24i\1.0\board.xml as part xck24-ubva530-2lvi-i specified in board_part file is either invalid or not available
WARNING: [Board 49-26] cannot add Board Part xilinx.com:k26c:part0:1.2 available at D:/Applications/AMD_Vivado/2025.2/data/xhub/boards\XilinxBoardStore\boards\Xilinx\k26c\1.2\board.xml as part xck26-sfvc784-2lv-c specified in board_part file is either invalid or not available
WARNING: [Board 49-26] cannot add Board Part xilinx.com:k26c:part0:1.3 available at D:/Applications/AMD_Vivado/2025.2/data/xhub/boards\XilinxBoardStore\boards\Xilinx\k26c\1.3\board.xml as part xck26-sfvc784-2lv-c specified in board_part file is either invalid or not available
WARNING: [Board 49-26] cannot add Board Part xilinx.com:k26c:part0:1.4 available at D:/Applications/AMD_Vivado/2025.2/data/xhub/boards\XilinxBoardStore\boards\Xilinx\k26c\1.4\board.xml as part xck26-sfvc784-2lv-c specified in board_part file is either invalid or not available
WARNING: [Board 49-26] cannot add Board Part xilinx.com:k26i:part0:1.2 available at D:/Applications/AMD_Vivado/2025.2/data/xhub/boards\XilinxBoardStore\boards\Xilinx\k26i\1.2\board.xml as part xck26-sfvc784-2lvi-i specified in board_part file is either invalid or not available
WARNING: [Board 49-26] cannot add Board Part xilinx.com:k26i:part0:1.3 available at D:/Applications/AMD_Vivado/2025.2/data/xhub/boards\XilinxBoardStore\boards\Xilinx\k26i\1.3\board.xml as part xck26-sfvc784-2lvi-i specified in board_part file is either invalid or not available
WARNING: [Board 49-26] cannot add Board Part xilinx.com:k26i:part0:1.4 available at D:/Applications/AMD_Vivado/2025.2/data/xhub/boards\XilinxBoardStore\boards\Xilinx\k26i\1.4\board.xml as part xck26-sfvc784-2lvi-i specified in board_part file is either invalid or not available
WARNING: [Board 49-26] cannot add Board Part xilinx.com:kc705:part0:1.6 available at D:/Applications/AMD_Vivado/2025.2/data/xhub/boards\XilinxBoardStore\boards\Xilinx\kc705\1.6\board.xml as part xc7k325tffg900-2 specified in board_part file is either invalid or not available
WARNING: [Board 49-26] cannot add Board Part xilinx.com:kc705:part0:1.7 available at D:/Applications/AMD_Vivado/2025.2/data/xhub/boards\XilinxBoardStore\boards\Xilinx\kc705\1.7\board.xml as part xc7k325tffg900-2 specified in board_part file is either invalid or not available
WARNING: [Board 49-26] cannot add Board Part xilinx.com:kcu105:part0:1.6 available at D:/Applications/AMD_Vivado/2025.2/data/xhub/boards\XilinxBoardStore\boards\Xilinx\kcu105\1.6\board.xml as part xcku040-ffva1156-2-e specified in board_part file is either invalid or not available
WARNING: [Board 49-26] cannot add Board Part xilinx.com:kcu105:part0:1.7 available at D:/Applications/AMD_Vivado/2025.2/data/xhub/boards\XilinxBoardStore\boards\Xilinx\kcu105\1.7\board.xml as part xcku040-ffva1156-2-e specified in board_part file is either invalid or not available
WARNING: [Board 49-26] cannot add Board Part xilinx.com:kcu116:part0:1.4 available at D:/Applications/AMD_Vivado/2025.2/data/xhub/boards\XilinxBoardStore\boards\Xilinx\kcu116\1.4\board.xml as part xcku5p-ffvb676-2-e specified in board_part file is either invalid or not available
WARNING: [Board 49-26] cannot add Board Part xilinx.com:kcu116:part0:1.5 available at D:/Applications/AMD_Vivado/2025.2/data/xhub/boards\XilinxBoardStore\boards\Xilinx\kcu116\1.5\board.xml as part xcku5p-ffvb676-2-e specified in board_part file is either invalid or not available
WARNING: [Board 49-26] cannot add Board Part xilinx.com:kcu1500:part0:1.2 available at D:/Applications/AMD_Vivado/2025.2/data/xhub/boards\XilinxBoardStore\boards\Xilinx\kcu1500\1.2\board.xml as part xcku115-flvb2104-2-e specified in board_part file is either invalid or not available
WARNING: [Board 49-26] cannot add Board Part xilinx.com:kd240_som:part0:1.0 available at D:/Applications/AMD_Vivado/2025.2/data/xhub/boards\XilinxBoardStore\boards\Xilinx\kd240_som\1.0\board.xml as part xck24-ubva530-2lv-c specified in board_part file is either invalid or not available
WARNING: [Board 49-26] cannot add Board Part xilinx.com:kd240_som:part0:1.1 available at D:/Applications/AMD_Vivado/2025.2/data/xhub/boards\XilinxBoardStore\boards\Xilinx\kd240_som\1.1\board.xml as part xck24-ubva530-2lv-c specified in board_part file is either invalid or not available
WARNING: [Board 49-26] cannot add Board Part xilinx.com:kr260_som:part0:1.0 available at D:/Applications/AMD_Vivado/2025.2/data/xhub/boards\XilinxBoardStore\boards\Xilinx\kr260_som\1.0\board.xml as part xck26-sfvc784-2lv-c specified in board_part file is either invalid or not available
WARNING: [Board 49-26] cannot add Board Part xilinx.com:kr260_som:part0:1.1 available at D:/Applications/AMD_Vivado/2025.2/data/xhub/boards\XilinxBoardStore\boards\Xilinx\kr260_som\1.1\board.xml as part xck26-sfvc784-2lv-c specified in board_part file is either invalid or not available
WARNING: [Board 49-26] cannot add Board Part xilinx.com:kv260_som:part0:1.2 available at D:/Applications/AMD_Vivado/2025.2/data/xhub/boards\XilinxBoardStore\boards\Xilinx\kv260_som\1.2\board.xml as part xck26-sfvc784-2lv-c specified in board_part file is either invalid or not available
WARNING: [Board 49-26] cannot add Board Part xilinx.com:kv260_som:part0:1.3 available at D:/Applications/AMD_Vivado/2025.2/data/xhub/boards\XilinxBoardStore\boards\Xilinx\kv260_som\1.3\board.xml as part xck26-sfvc784-2lv-c specified in board_part file is either invalid or not available
WARNING: [Board 49-26] cannot add Board Part xilinx.com:kv260_som:part0:1.4 available at D:/Applications/AMD_Vivado/2025.2/data/xhub/boards\XilinxBoardStore\boards\Xilinx\kv260_som\1.4\board.xml as part xck26-sfvc784-2lv-c specified in board_part file is either invalid or not available
WARNING: [Board 49-26] cannot add Board Part xilinx.com:scu35:part0:1.0 available at D:/Applications/AMD_Vivado/2025.2/data/xhub/boards\XilinxBoardStore\boards\Xilinx\scu35\1.0\board.xml as part xcsu35p-sbvb625-2-e specified in board_part file is either invalid or not available
WARNING: [Board 49-26] cannot add Board Part xilinx.com:sp701:part0:1.0 available at D:/Applications/AMD_Vivado/2025.2/data/xhub/boards\XilinxBoardStore\boards\Xilinx\sp701\1.0\board.xml as part xc7s100fgga676-2 specified in board_part file is either invalid or not available
WARNING: [Board 49-26] cannot add Board Part xilinx.com:sp701:part0:1.1 available at D:/Applications/AMD_Vivado/2025.2/data/xhub/boards\XilinxBoardStore\boards\Xilinx\sp701\1.1\board.xml as part xc7s100fgga676-2 specified in board_part file is either invalid or not available
WARNING: [Board 49-26] cannot add Board Part xilinx.com:v80:part0:1.0 available at D:/Applications/AMD_Vivado/2025.2/data/xhub/boards\XilinxBoardStore\boards\Xilinx\v80\1.0\board.xml as part xcv80-lsva4737-2mhp-e-s specified in board_part file is either invalid or not available
WARNING: [Board 49-26] cannot add Board Part xilinx.com:vc707:part0:1.4 available at D:/Applications/AMD_Vivado/2025.2/data/xhub/boards\XilinxBoardStore\boards\Xilinx\vc707\1.4\board.xml as part xc7vx485tffg1761-2 specified in board_part file is either invalid or not available
WARNING: [Board 49-26] cannot add Board Part xilinx.com:vc707:part0:1.5 available at D:/Applications/AMD_Vivado/2025.2/data/xhub/boards\XilinxBoardStore\boards\Xilinx\vc707\1.5\board.xml as part xc7vx485tffg1761-2 specified in board_part file is either invalid or not available
WARNING: [Board 49-26] cannot add Board Part xilinx.com:vc709:part0:1.8 available at D:/Applications/AMD_Vivado/2025.2/data/xhub/boards\XilinxBoardStore\boards\Xilinx\vc709\1.8\board.xml as part xc7vx690tffg1761-2 specified in board_part file is either invalid or not available
WARNING: [Board 49-26] cannot add Board Part xilinx.com:vck190:part0:2.2 available at D:/Applications/AMD_Vivado/2025.2/data/xhub/boards\XilinxBoardStore\boards\Xilinx\vck190\production\2.2\board.xml as part xcvc1902-vsva2197-2mp-e-s specified in board_part file is either invalid or not available
WARNING: [Board 49-26] cannot add Board Part xilinx.com:vck190:part0:3.0 available at D:/Applications/AMD_Vivado/2025.2/data/xhub/boards\XilinxBoardStore\boards\Xilinx\vck190\production\3.0\board.xml as part xcvc1902-vsva2197-2mp-e-s specified in board_part file is either invalid or not available
WARNING: [Board 49-26] cannot add Board Part xilinx.com:vck190:part0:3.1 available at D:/Applications/AMD_Vivado/2025.2/data/xhub/boards\XilinxBoardStore\boards\Xilinx\vck190\production\3.1\board.xml as part xcvc1902-vsva2197-2mp-e-s specified in board_part file is either invalid or not available
WARNING: [Board 49-26] cannot add Board Part xilinx.com:vck190:part0:3.2 available at D:/Applications/AMD_Vivado/2025.2/data/xhub/boards\XilinxBoardStore\boards\Xilinx\vck190\production\3.2\board.xml as part xcvc1902-vsva2197-2mp-e-s specified in board_part file is either invalid or not available
WARNING: [Board 49-26] cannot add Board Part xilinx.com:vck190:part0:3.3 available at D:/Applications/AMD_Vivado/2025.2/data/xhub/boards\XilinxBoardStore\boards\Xilinx\vck190\production\3.3\board.xml as part xcvc1902-vsva2197-2mp-e-s specified in board_part file is either invalid or not available
WARNING: [Board 49-26] cannot add Board Part xilinx.com:vck190:part0:3.4 available at D:/Applications/AMD_Vivado/2025.2/data/xhub/boards\XilinxBoardStore\boards\Xilinx\vck190\production\3.4\board.xml as part xcvc1902-vsva2197-2mp-e-s specified in board_part file is either invalid or not available
WARNING: [Board 49-26] cannot add Board Part xilinx.com:vck190_newl:part0:1.0 available at D:/Applications/AMD_Vivado/2025.2/data/xhub/boards\XilinxBoardStore\boards\Xilinx\vck190_newl\production\1.0\board.xml as part xcvc1902-vsva2197-2mp-e-s specified in board_part file is either invalid or not available
WARNING: [Board 49-26] cannot add Board Part xilinx.com:vck190_newl:part0:1.1 available at D:/Applications/AMD_Vivado/2025.2/data/xhub/boards\XilinxBoardStore\boards\Xilinx\vck190_newl\production\1.1\board.xml as part xcvc1902-vsva2197-2mp-e-s specified in board_part file is either invalid or not available
WARNING: [Board 49-26] cannot add Board Part xilinx.com:vck190_newl:part0:1.2 available at D:/Applications/AMD_Vivado/2025.2/data/xhub/boards\XilinxBoardStore\boards\Xilinx\vck190_newl\production\1.2\board.xml as part xcvc1902-vsva2197-2mp-e-s specified in board_part file is either invalid or not available
WARNING: [Board 49-26] cannot add Board Part xilinx.com:vck190_newl:part0:1.3 available at D:/Applications/AMD_Vivado/2025.2/data/xhub/boards\XilinxBoardStore\boards\Xilinx\vck190_newl\production\1.3\board.xml as part xcvc1902-vsva2197-2mp-e-s specified in board_part file is either invalid or not available
WARNING: [Board 49-26] cannot add Board Part xilinx.com:vcu108:part0:1.6 available at D:/Applications/AMD_Vivado/2025.2/data/xhub/boards\XilinxBoardStore\boards\Xilinx\vcu108\1.6\board.xml as part xcvu095-ffva2104-2-e specified in board_part file is either invalid or not available
WARNING: [Board 49-26] cannot add Board Part xilinx.com:vcu108:part0:1.7 available at D:/Applications/AMD_Vivado/2025.2/data/xhub/boards\XilinxBoardStore\boards\Xilinx\vcu108\1.7\board.xml as part xcvu095-ffva2104-2-e specified in board_part file is either invalid or not available
WARNING: [Board 49-26] cannot add Board Part xilinx.com:vcu110:part0:1.4 available at D:/Applications/AMD_Vivado/2025.2/data/xhub/boards\XilinxBoardStore\boards\Xilinx\vcu110\1.4\board.xml as part xcvu190-flgc2104-2-e specified in board_part file is either invalid or not available
WARNING: [Board 49-26] cannot add Board Part xilinx.com:vcu118:part0:2.0 available at D:/Applications/AMD_Vivado/2025.2/data/xhub/boards\XilinxBoardStore\boards\Xilinx\vcu118\2.0\board.xml as part xcvu9p-flga2104-2l-e specified in board_part file is either invalid or not available
WARNING: [Board 49-26] cannot add Board Part xilinx.com:vcu118:part0:2.3 available at D:/Applications/AMD_Vivado/2025.2/data/xhub/boards\XilinxBoardStore\boards\Xilinx\vcu118\2.3\board.xml as part xcvu9p-flga2104-2l-e specified in board_part file is either invalid or not available
WARNING: [Board 49-26] cannot add Board Part xilinx.com:vcu118:part0:2.4 available at D:/Applications/AMD_Vivado/2025.2/data/xhub/boards\XilinxBoardStore\boards\Xilinx\vcu118\2.4\board.xml as part xcvu9p-flga2104-2l-e specified in board_part file is either invalid or not available
WARNING: [Board 49-26] cannot add Board Part xilinx.com:vcu128:part0:1.0 available at D:/Applications/AMD_Vivado/2025.2/data/xhub/boards\XilinxBoardStore\boards\Xilinx\vcu128\production\1.0\board.xml as part xcvu37p-fsvh2892-2l-e specified in board_part file is either invalid or not available
WARNING: [Board 49-26] cannot add Board Part xilinx.com:vcu129:part0:1.0 available at D:/Applications/AMD_Vivado/2025.2/data/xhub/boards\XilinxBoardStore\boards\Xilinx\vcu129\production\1.0\board.xml as part xcvu29p-fsga2577-2l-e specified in board_part file is either invalid or not available
WARNING: [Board 49-26] cannot add Board Part xilinx.com:vcu1525:part0:1.3 available at D:/Applications/AMD_Vivado/2025.2/data/xhub/boards\XilinxBoardStore\boards\Xilinx\vcu1525\1.3\board.xml as part xcvu9p-fsgd2104-2l-e specified in board_part file is either invalid or not available
WARNING: [Board 49-26] cannot add Board Part xilinx.com:vek280:part0:1.0 available at D:/Applications/AMD_Vivado/2025.2/data/xhub/boards\XilinxBoardStore\boards\Xilinx\vek280\production\1.0\board.xml as part xcve2802-vsvh1760-2mp-e-s specified in board_part file is either invalid or not available
WARNING: [Board 49-26] cannot add Board Part xilinx.com:vek280:part0:1.1 available at D:/Applications/AMD_Vivado/2025.2/data/xhub/boards\XilinxBoardStore\boards\Xilinx\vek280\production\1.1\board.xml as part xcve2802-vsvh1760-2mp-e-s specified in board_part file is either invalid or not available
WARNING: [Board 49-26] cannot add Board Part xilinx.com:vek280:part0:1.2 available at D:/Applications/AMD_Vivado/2025.2/data/xhub/boards\XilinxBoardStore\boards\Xilinx\vek280\production\1.2\board.xml as part xcve2802-vsvh1760-2mp-e-s specified in board_part file is either invalid or not available
WARNING: [Board 49-26] cannot add Board Part xilinx.com:vek385:part0:1.0 available at D:/Applications/AMD_Vivado/2025.2/data/xhub/boards\XilinxBoardStore\boards\Xilinx\vek385\1.0\board.xml as part xc2ve3858-ssva2112-2mp-e-s specified in board_part file is either invalid or not available
WARNING: [Board 49-26] cannot add Board Part xilinx.com:vek385:part0:1.1 available at D:/Applications/AMD_Vivado/2025.2/data/xhub/boards\XilinxBoardStore\boards\Xilinx\vek385\1.1\board.xml as part xc2ve3858-ssva2112-2mp-e-s specified in board_part file is either invalid or not available
WARNING: [Board 49-26] cannot add Board Part xilinx.com:vek385_1:part0:1.0 available at D:/Applications/AMD_Vivado/2025.2/data/xhub/boards\XilinxBoardStore\boards\Xilinx\vek385_2\1.0\board.xml as part xc2ve3858-ssva2112-2mp-e-s specified in board_part file is either invalid or not available
WARNING: [Board 49-26] cannot add Board Part xilinx.com:vermeo_t1_mpsoc:part0:1.0 available at D:/Applications/AMD_Vivado/2025.2/data/xhub/boards\XilinxBoardStore\boards\Xilinx\vermeo_t1_mpsoc\1.0\board.xml as part xczu19eg-ffvd1760-2l-e specified in board_part file is either invalid or not available
WARNING: [Board 49-26] cannot add Board Part xilinx.com:vermeo_t1_rfsoc:part0:1.0 available at D:/Applications/AMD_Vivado/2025.2/data/xhub/boards\XilinxBoardStore\boards\Xilinx\vermeo_t1_rfsoc\1.0\board.xml as part xczu21dr-ffvd1156-2l-e specified in board_part file is either invalid or not available
WARNING: [Board 49-26] cannot add Board Part xilinx.com:vhk158:part0:1.0 available at D:/Applications/AMD_Vivado/2025.2/data/xhub/boards\XilinxBoardStore\boards\Xilinx\vhk158\production\1.0\board.xml as part xcvh1582-vsva3697-2mp-e-s specified in board_part file is either invalid or not available
WARNING: [Board 49-26] cannot add Board Part xilinx.com:vhk158:part0:1.1 available at D:/Applications/AMD_Vivado/2025.2/data/xhub/boards\XilinxBoardStore\boards\Xilinx\vhk158\production\1.1\board.xml as part xcvh1582-vsva3697-2mp-e-s specified in board_part file is either invalid or not available
WARNING: [Board 49-26] cannot add Board Part xilinx.com:vhk158:part0:1.2 available at D:/Applications/AMD_Vivado/2025.2/data/xhub/boards\XilinxBoardStore\boards\Xilinx\vhk158\production\1.2\board.xml as part xcvh1582-vsva3697-2mp-e-s specified in board_part file is either invalid or not available
WARNING: [Board 49-26] cannot add Board Part xilinx.com:vmk180:part0:2.2 available at D:/Applications/AMD_Vivado/2025.2/data/xhub/boards\XilinxBoardStore\boards\Xilinx\vmk180\production\2.2\board.xml as part xcvm1802-vsva2197-2mp-e-s specified in board_part file is either invalid or not available
WARNING: [Board 49-26] cannot add Board Part xilinx.com:vmk180:part0:3.0 available at D:/Applications/AMD_Vivado/2025.2/data/xhub/boards\XilinxBoardStore\boards\Xilinx\vmk180\production\3.0\board.xml as part xcvm1802-vsva2197-2mp-e-s specified in board_part file is either invalid or not available
WARNING: [Board 49-26] cannot add Board Part xilinx.com:vmk180:part0:3.1 available at D:/Applications/AMD_Vivado/2025.2/data/xhub/boards\XilinxBoardStore\boards\Xilinx\vmk180\production\3.1\board.xml as part xcvm1802-vsva2197-2mp-e-s specified in board_part file is either invalid or not available
open_project: Time (s): cpu = 00:00:14 ; elapsed = 00:00:07 . Memory (MB): peak = 1587.641 ; gain = 106.309
WARNING: [Board 49-26] cannot add Board Part xilinx.com:vmk180:part0:3.2 available at D:/Applications/AMD_Vivado/2025.2/data/xhub/boards\XilinxBoardStore\boards\Xilinx\vmk180\production\3.2\board.xml as part xcvm1802-vsva2197-2mp-e-s specified in board_part file is either invalid or not available
WARNING: [Board 49-26] cannot add Board Part xilinx.com:vmk180:part0:3.3 available at D:/Applications/AMD_Vivado/2025.2/data/xhub/boards\XilinxBoardStore\boards\Xilinx\vmk180\production\3.3\board.xml as part xcvm1802-vsva2197-2mp-e-s specified in board_part file is either invalid or not available
INFO: [Common 17-344] 'open_project' was cancelled
WARNING: [Board 49-26] cannot add Board Part xilinx.com:vmk180_newl:part0:1.0 available at D:/Applications/AMD_Vivado/2025.2/data/xhub/boards\XilinxBoardStore\boards\Xilinx\vmk180_newl\production\1.0\board.xml as part xcvm1802-vsva2197-2mp-e-s specified in board_part file is either invalid or not available
WARNING: [Board 49-26] cannot add Board Part xilinx.com:vmk180_newl:part0:1.1 available at D:/Applications/AMD_Vivado/2025.2/data/xhub/boards\XilinxBoardStore\boards\Xilinx\vmk180_newl\production\1.1\board.xml as part xcvm1802-vsva2197-2mp-e-s specified in board_part file is either invalid or not available
WARNING: [Board 49-26] cannot add Board Part xilinx.com:vpk120:part0:1.0 available at D:/Applications/AMD_Vivado/2025.2/data/xhub/boards\XilinxBoardStore\boards\Xilinx\vpk120\production\1.0\board.xml as part xcvp1202-vsva2785-2mp-e-s specified in board_part file is either invalid or not available
WARNING: [Board 49-26] cannot add Board Part xilinx.com:vpk120:part0:1.1 available at D:/Applications/AMD_Vivado/2025.2/data/xhub/boards\XilinxBoardStore\boards\Xilinx\vpk120\production\1.1\board.xml as part xcvp1202-vsva2785-2mp-e-s specified in board_part file is either invalid or not available
WARNING: [Board 49-26] cannot add Board Part xilinx.com:vpk120:part0:1.2 available at D:/Applications/AMD_Vivado/2025.2/data/xhub/boards\XilinxBoardStore\boards\Xilinx\vpk120\production\1.2\board.xml as part xcvp1202-vsva2785-2mp-e-s specified in board_part file is either invalid or not available
WARNING: [Board 49-26] cannot add Board Part xilinx.com:vpk180:part0:1.0 available at D:/Applications/AMD_Vivado/2025.2/data/xhub/boards\XilinxBoardStore\boards\Xilinx\vpk180\production\1.0\board.xml as part xcvp1802-lsvc4072-2mp-e-s specified in board_part file is either invalid or not available
WARNING: [Board 49-26] cannot add Board Part xilinx.com:vpk180:part0:1.1 available at D:/Applications/AMD_Vivado/2025.2/data/xhub/boards\XilinxBoardStore\boards\Xilinx\vpk180\production\1.1\board.xml as part xcvp1802-lsvc4072-2mp-e-s specified in board_part file is either invalid or not available
WARNING: [Board 49-26] cannot add Board Part xilinx.com:vpk180:part0:1.2 available at D:/Applications/AMD_Vivado/2025.2/data/xhub/boards\XilinxBoardStore\boards\Xilinx\vpk180\production\1.2\board.xml as part xcvp1802-lsvc4072-2mp-e-s specified in board_part file is either invalid or not available
WARNING: [Board 49-26] cannot add Board Part xilinx.com:vrk160:part0:1.0 available at D:/Applications/AMD_Vivado/2025.2/data/xhub/boards\XilinxBoardStore\boards\Xilinx\vrk160\1.0\board.xml as part xcvr1602-vsva2488-2mp-e-s-es1 specified in board_part file is either invalid or not available
WARNING: [Board 49-26] cannot add Board Part xilinx.com:vrk160:part0:1.1 available at D:/Applications/AMD_Vivado/2025.2/data/xhub/boards\XilinxBoardStore\boards\Xilinx\vrk160\1.1\board.xml as part xcvr1602-vsva2488-2mp-e-s-es1 specified in board_part file is either invalid or not available
WARNING: [Board 49-26] cannot add Board Part xilinx.com:zc706:part0:1.4 available at D:/Applications/AMD_Vivado/2025.2/data/xhub/boards\XilinxBoardStore\boards\Xilinx\zc706\1.4\board.xml as part xc7z045ffg900-2 specified in board_part file is either invalid or not available
WARNING: [Board 49-26] cannot add Board Part xilinx.com:zc706:part0:1.5 available at D:/Applications/AMD_Vivado/2025.2/data/xhub/boards\XilinxBoardStore\boards\Xilinx\zc706\1.5\board.xml as part xc7z045ffg900-2 specified in board_part file is either invalid or not available
WARNING: [Board 49-26] cannot add Board Part xilinx.com:zcu102:part0:3.3 available at D:/Applications/AMD_Vivado/2025.2/data/xhub/boards\XilinxBoardStore\boards\Xilinx\zcu102\3.3\board.xml as part xczu9eg-ffvb1156-2-e specified in board_part file is either invalid or not available
WARNING: [Board 49-26] cannot add Board Part xilinx.com:zcu102:part0:3.4 available at D:/Applications/AMD_Vivado/2025.2/data/xhub/boards\XilinxBoardStore\boards\Xilinx\zcu102\3.4\board.xml as part xczu9eg-ffvb1156-2-e specified in board_part file is either invalid or not available
WARNING: [Board 49-26] cannot add Board Part xilinx.com:zcu104:part0:1.1 available at D:/Applications/AMD_Vivado/2025.2/data/xhub/boards\XilinxBoardStore\boards\Xilinx\zcu104\1.1\board.xml as part xczu7ev-ffvc1156-2-e specified in board_part file is either invalid or not available
WARNING: [Board 49-26] cannot add Board Part xilinx.com:zcu106:part0:2.4 available at D:/Applications/AMD_Vivado/2025.2/data/xhub/boards\XilinxBoardStore\boards\Xilinx\zcu106\2.4\board.xml as part xczu7ev-ffvc1156-2-e specified in board_part file is either invalid or not available
WARNING: [Board 49-26] cannot add Board Part xilinx.com:zcu106:part0:2.5 available at D:/Applications/AMD_Vivado/2025.2/data/xhub/boards\XilinxBoardStore\boards\Xilinx\zcu106\2.5\board.xml as part xczu7ev-ffvc1156-2-e specified in board_part file is either invalid or not available
WARNING: [Board 49-26] cannot add Board Part xilinx.com:zcu106:part0:2.6 available at D:/Applications/AMD_Vivado/2025.2/data/xhub/boards\XilinxBoardStore\boards\Xilinx\zcu106\2.6\board.xml as part xczu7ev-ffvc1156-2-e specified in board_part file is either invalid or not available
WARNING: [Board 49-26] cannot add Board Part xilinx.com:zcu111:part0:1.2 available at D:/Applications/AMD_Vivado/2025.2/data/xhub/boards\XilinxBoardStore\boards\Xilinx\zcu111\1.2\board.xml as part xczu28dr-ffvg1517-2-e specified in board_part file is either invalid or not available
WARNING: [Board 49-26] cannot add Board Part xilinx.com:zcu111:part0:1.3 available at D:/Applications/AMD_Vivado/2025.2/data/xhub/boards\XilinxBoardStore\boards\Xilinx\zcu111\1.3\board.xml as part xczu28dr-ffvg1517-2-e specified in board_part file is either invalid or not available
WARNING: [Board 49-26] cannot add Board Part xilinx.com:zcu111:part0:1.4 available at D:/Applications/AMD_Vivado/2025.2/data/xhub/boards\XilinxBoardStore\boards\Xilinx\zcu111\1.4\board.xml as part xczu28dr-ffvg1517-2-e specified in board_part file is either invalid or not available
WARNING: [Board 49-26] cannot add Board Part xilinx.com:zcu1275:part0:1.0 available at D:/Applications/AMD_Vivado/2025.2/data/xhub/boards\XilinxBoardStore\boards\Xilinx\zcu1275\1.0\board.xml as part xczu29dr-ffvf1760-2-e specified in board_part file is either invalid or not available
WARNING: [Board 49-26] cannot add Board Part xilinx.com:zcu1285:part0:1.0 available at D:/Applications/AMD_Vivado/2025.2/data/xhub/boards\XilinxBoardStore\boards\Xilinx\zcu1285\1.0\board.xml as part xczu39dr-ffvf1760-2-i specified in board_part file is either invalid or not available
WARNING: [Board 49-26] cannot add Board Part xilinx.com:zcu208:part0:2.0 available at D:/Applications/AMD_Vivado/2025.2/data/xhub/boards\XilinxBoardStore\boards\Xilinx\zcu208\production\2.0\board.xml as part xczu48dr-fsvg1517-2-e specified in board_part file is either invalid or not available
WARNING: [Board 49-26] cannot add Board Part xilinx.com:zcu208ld:part0:2.0 available at D:/Applications/AMD_Vivado/2025.2/data/xhub/boards\XilinxBoardStore\boards\Xilinx\zcu208ld\production\2.0\board.xml as part xczu58dr-fsvg1517-2-i specified in board_part file is either invalid or not available
WARNING: [Board 49-26] cannot add Board Part xilinx.com:zcu216:part0:2.0 available at D:/Applications/AMD_Vivado/2025.2/data/xhub/boards\XilinxBoardStore\boards\Xilinx\zcu216\production\2.0\board.xml as part xczu49dr-ffvf1760-2-e specified in board_part file is either invalid or not available
WARNING: [Board 49-26] cannot add Board Part xilinx.com:zcu216ld:part0:2.0 available at D:/Applications/AMD_Vivado/2025.2/data/xhub/boards\XilinxBoardStore\boards\Xilinx\zcu216ld\production\2.0\board.xml as part xczu59dr-ffvf1760-2-i specified in board_part file is either invalid or not available
WARNING: [Board 49-26] cannot add Board Part xilinx.com:zcu670:part0:2.0 available at D:/Applications/AMD_Vivado/2025.2/data/xhub/boards\XilinxBoardStore\boards\Xilinx\zcu670\2.0\board.xml as part xczu67dr-fsve1156-2-i specified in board_part file is either invalid or not available
WARNING: [Board 49-26] cannot add Board Part xilinx.com:zcu670ld:part0:1.0 available at D:/Applications/AMD_Vivado/2025.2/data/xhub/boards\XilinxBoardStore\boards\Xilinx\zcu670ld\1.0\board.xml as part xczu57dr-fsve1156-2-i specified in board_part file is either invalid or not available
exit
INFO: [Common 17-206] Exiting Vivado at Tue Mar 17 15:24:43 2026...
Vivado/2025.2/data/xhub/boards\XilinxBoardStore\boards\Xilinx\ac701\1.4\board.xml as part xc7a200tfbg676-2 specified in board_part file is either invalid or not available
WARNING: [Board 49-26] cannot add Board Part xilinx.com:emb-plus-vpr-4616:part0:1.0 available at D:/Applications/AMD_Vivado/2025.2/data/xhub/boards\XilinxBoardStore\boards\Xilinx\emb-plus-vpr-4616\1.0\board.xml as part xcve2302-sfva784-2mp-e-s specified in board_part file is either invalid or not available
WARNING: [Board 49-26] cannot add Board Part xilinx.com:emb-plus-vpr-4616:part0:1.1 available at D:/Applications/AMD_Vivado/2025.2/data/xhub/boards\XilinxBoardStore\boards\Xilinx\emb-plus-vpr-4616\1.1\board.xml as part xcve2302-sfva784-2mp-e-s specified in board_part file is either invalid or not available
INFO: [Common 17-14] Message 'Board 49-26' appears 100 times and further instances of the messages will be disabled. Use the Tcl command set_msg_config to change the current settings.
INFO: [IP_Flow 19-234] Refreshing IP repositories
INFO: [IP_Flow 19-1704] No user IP repositories specified
INFO: [IP_Flow 19-2313] Loaded Vivado IP repository 'D:/Applications/AMD_Vivado/2025.2/Vivado/data/ip'.
open_project: Time (s): cpu = 00:00:30 ; elapsed = 00:00:16 . Memory (MB): peak = 1677.668 ; gain = 210.793
launch_simulation
Command: launch_simulation 
INFO: [Vivado 12-25911] Executing simulation for 'XSim' simulator
INFO: [Vivado 12-28535] Process started - Tue Mar 17 15:24:45 2026

INFO: [Vivado 12-12493] Simulation top is 'lab2_top_15_2_tb'
INFO: [Vivado 12-5682] Launching behavioral simulation in 'D:/LogicDesignLab/Lab2/Practice4/top15_2_1/top15_2_1.sim/sim_1/behav/xsim'
INFO: [SIM-utils-51] Simulation object is 'sim_1'
INFO: [SIM-utils-72] Using boost library from 'D:/Applications/AMD_Vivado/2025.2/Vivado/tps/boost_1_72_0'
INFO: [SIM-utils-54] Inspecting design source files for 'lab2_top_15_2_tb' in fileset 'sim_1'...
INFO: [USF-XSim-97] Finding global include files...
INFO: [USF-XSim-100] Fetching design files from 'sources_1'...(this may take a while)...
INFO: [USF-XSim-101] Fetching design files from 'sim_1'...
INFO: [USF-XSim-2] XSim::Compile design
INFO: [USF-XSim-61] Executing 'COMPILE and ANALYZE' step in 'D:/LogicDesignLab/Lab2/Practice4/top15_2_1/top15_2_1.sim/sim_1/behav/xsim'
"xvlog --incr --relax -prj lab2_top_15_2_tb_vlog.prj"
INFO: [USF-XSim-69] 'compile' step finished in '1' seconds
INFO: [USF-XSim-3] XSim::Elaborate design
INFO: [USF-XSim-61] Executing 'ELABORATE' step in 'D:/LogicDesignLab/Lab2/Practice4/top15_2_1/top15_2_1.sim/sim_1/behav/xsim'
"xelab --incr --debug typical --relax --mt 2 -L xil_defaultlib -L unisims_ver -L unimacro_ver -L secureip --snapshot lab2_top_15_2_tb_behav xil_defaultlib.lab2_top_15_2_tb xil_defaultlib.glbl -log elaborate.log"
Vivado Simulator v2025.2
Copyright 1986-2022 Xilinx, Inc. All Rights Reserved.
Copyright 2022-2025 Advanced Micro Devices, Inc. All Rights Reserved.
Running: D:/Applications/AMD_Vivado/2025.2/Vivado/bin/unwrapped/win64.o/xelab.exe --incr --debug typical --relax --mt 2 -L xil_defaultlib -L unisims_ver -L unimacro_ver -L secureip --snapshot lab2_top_15_2_tb_behav xil_defaultlib.lab2_top_15_2_tb xil_defaultlib.glbl -log elaborate.log 
Using 2 slave threads.
Starting static elaboration
Pass Through NonSizing Optimizer
ERROR: [VRFC 10-2538] module instantiation should have an instance name [D:/LogicDesignLab/Lab2/Practice4/top15_2_1/top15_2_1.srcs/sources_1/new/top15_2_1.v:16]
ERROR: [VRFC 10-2538] module instantiation should have an instance name [D:/LogicDesignLab/Lab2/Practice4/top15_2_1/top15_2_1.srcs/sources_1/new/top15_2_1.v:22]
ERROR: [XSIM 43-3322] Static elaboration of top level Verilog design unit(s) in library work failed.
INFO: [USF-XSim-69] 'elaborate' step finished in '2' seconds
INFO: [USF-XSim-99] Step results log file:'D:/LogicDesignLab/Lab2/Practice4/top15_2_1/top15_2_1.sim/sim_1/behav/xsim/elaborate.log'
ERROR: [USF-XSim-62] 'elaborate' step failed with error(s). Please check the Tcl console output or 'D:/LogicDesignLab/Lab2/Practice4/top15_2_1/top15_2_1.sim/sim_1/behav/xsim/elaborate.log' file for more information.
ERROR: [Vivado 12-4473] Detected error while running simulation. Please correct the issue and retry this operation.
ERROR: [Common 17-39] 'launch_simulation' failed due to earlier errors.
launch_simulation
Command: launch_simulation 
INFO: [Vivado 12-25911] Executing simulation for 'XSim' simulator
INFO: [Vivado 12-28535] Process started - Tue Mar 17 15:25:49 2026

INFO: [Vivado 12-12493] Simulation top is 'lab2_top_15_2_tb'
INFO: [Vivado 12-5682] Launching behavioral simulation in 'D:/LogicDesignLab/Lab2/Practice4/top15_2_1/top15_2_1.sim/sim_1/behav/xsim'
INFO: [SIM-utils-51] Simulation object is 'sim_1'
INFO: [SIM-utils-72] Using boost library from 'D:/Applications/AMD_Vivado/2025.2/Vivado/tps/boost_1_72_0'
INFO: [SIM-utils-54] Inspecting design source files for 'lab2_top_15_2_tb' in fileset 'sim_1'...
INFO: [USF-XSim-97] Finding global include files...
INFO: [USF-XSim-100] Fetching design files from 'sources_1'...(this may take a while)...
INFO: [USF-XSim-101] Fetching design files from 'sim_1'...
INFO: [USF-XSim-2] XSim::Compile design
INFO: [USF-XSim-61] Executing 'COMPILE and ANALYZE' step in 'D:/LogicDesignLab/Lab2/Practice4/top15_2_1/top15_2_1.sim/sim_1/behav/xsim'
"xvlog --incr --relax -prj lab2_top_15_2_tb_vlog.prj"
INFO: [VRFC 10-2263] Analyzing Verilog file "D:/LogicDesignLab/Lab2/Practice2_2/Decoder_7S2/Decoder_7S2.srcs/sources_1/new/Decoder_7S2.v" into library xil_defaultlib
INFO: [VRFC 10-311] analyzing module Decoder_7S2
INFO: [VRFC 10-2263] Analyzing Verilog file "D:/LogicDesignLab/Lab2/Practice3_2/Encoder_15/Encoder_15.srcs/sources_1/new/Encoder_15.v" into library xil_defaultlib
INFO: [VRFC 10-311] analyzing module Encoder_15
INFO: [VRFC 10-2263] Analyzing Verilog file "D:/LogicDesignLab/Lab2/Practice4/top15_2_1/top15_2_1.srcs/sources_1/new/top15_2_1.v" into library xil_defaultlib
INFO: [VRFC 10-311] analyzing module top_15_2
INFO: [VRFC 10-2263] Analyzing Verilog file "D:/LogicDesignLab/Lab2/Practice4/top15_2_1/top15_2_1.srcs/sim_1/new/top15_2_tb.v" into library xil_defaultlib
INFO: [VRFC 10-311] analyzing module lab2_top_15_2_tb
WARNING: [VRFC 10-3248] data object 'i' is already declared [D:/LogicDesignLab/Lab2/Practice4/top15_2_1/top15_2_1.srcs/sim_1/new/top15_2_tb.v:62]
WARNING: [VRFC 10-9364] second declaration of 'i' is ignored [D:/LogicDesignLab/Lab2/Practice4/top15_2_1/top15_2_1.srcs/sim_1/new/top15_2_tb.v:62]
WARNING: [VRFC 10-3248] data object 'fail' is already declared [D:/LogicDesignLab/Lab2/Practice4/top15_2_1/top15_2_1.srcs/sim_1/new/top15_2_tb.v:63]
WARNING: [VRFC 10-9364] second declaration of 'fail' is ignored [D:/LogicDesignLab/Lab2/Practice4/top15_2_1/top15_2_1.srcs/sim_1/new/top15_2_tb.v:63]
INFO: [USF-XSim-69] 'compile' step finished in '2' seconds
INFO: [USF-XSim-3] XSim::Elaborate design
INFO: [USF-XSim-61] Executing 'ELABORATE' step in 'D:/LogicDesignLab/Lab2/Practice4/top15_2_1/top15_2_1.sim/sim_1/behav/xsim'
"xelab --incr --debug typical --relax --mt 2 -L xil_defaultlib -L unisims_ver -L unimacro_ver -L secureip --snapshot lab2_top_15_2_tb_behav xil_defaultlib.lab2_top_15_2_tb xil_defaultlib.glbl -log elaborate.log"
Vivado Simulator v2025.2
Copyright 1986-2022 Xilinx, Inc. All Rights Reserved.
Copyright 2022-2025 Advanced Micro Devices, Inc. All Rights Reserved.
Running: D:/Applications/AMD_Vivado/2025.2/Vivado/bin/unwrapped/win64.o/xelab.exe --incr --debug typical --relax --mt 2 -L xil_defaultlib -L unisims_ver -L unimacro_ver -L secureip --snapshot lab2_top_15_2_tb_behav xil_defaultlib.lab2_top_15_2_tb xil_defaultlib.glbl -log elaborate.log 
Using 2 slave threads.
Starting static elaboration
Pass Through NonSizing Optimizer
Completed static elaboration
Starting simulation data flow analysis
Completed simulation data flow analysis
Time Resolution for simulation is 1ps
Compiling module xil_defaultlib.Encoder_15
Compiling module xil_defaultlib.Decoder_7S2
Compiling module xil_defaultlib.top_15_2
Compiling module xil_defaultlib.lab2_top_15_2_tb
WARNING: [XSIM 43-3373] "D:/LogicDesignLab/Lab2/Practice4/top15_2_1/top15_2_1.srcs/sim_1/new/top15_2_tb.v" Line 118. System function $fscanf is used as system task. This system function should have a LHS e.g. x=$fscanf().
Compiling module xil_defaultlib.glbl
Built simulation snapshot lab2_top_15_2_tb_behav
run_program: Time (s): cpu = 00:00:00 ; elapsed = 00:00:07 . Memory (MB): peak = 1678.879 ; gain = 0.000
INFO: [USF-XSim-69] 'elaborate' step finished in '7' seconds
INFO: [USF-XSim-4] XSim::Simulate design
INFO: [USF-XSim-61] Executing 'SIMULATE' step in 'D:/LogicDesignLab/Lab2/Practice4/top15_2_1/top15_2_1.sim/sim_1/behav/xsim'
INFO: [USF-XSim-98] *** Running xsim
   with args "lab2_top_15_2_tb_behav -key {Behavioral:sim_1:Functional:lab2_top_15_2_tb} -tclbatch {lab2_top_15_2_tb.tcl} -log {simulate.log}"
INFO: [USF-XSim-8] Loading simulator feature
Time resolution is 1 ps
source lab2_top_15_2_tb.tcl
# set curr_wave [current_wave_config]
# if { [string length $curr_wave] == 0 } {
#   if { [llength [get_objects]] > 0} {
#     add_wave /
#     set_property needs_save false [current_wave_config]
#   } else {
#      send_msg_id Add_Wave-1 WARNING "No top level signals found. Simulator will start without a wave window. If you want to open a wave window go to 'File->New Waveform Configuration' or type 'create_wave_config' in the TCL console."
#   }
# }
# run 1000ns
----------------------
-- Simulation Start --
----------------------
WARNING: file BCD_golden.data could not be opened
ERROR: File descriptor (0) passed to $fscanf in file D:/LogicDesignLab/Lab2/Practice4/top15_2_1/top15_2_1.srcs/sources_1/new/top15_2_1.v at line 12 is not valid.
encoder err : 
input : 000000000000000, golden : xxxx, your ans : 0000
ERROR: File descriptor (0) passed to $fscanf is not valid. Please compile the design with -debug for source location information.
encoder err : 
input : 000000000000001, golden : xxxx, your ans : 0001
ERROR: File descriptor (0) passed to $fscanf is not valid. Please compile the design with -debug for source location information.
encoder err : 
input : 000000000000010, golden : xxxx, your ans : 0010
ERROR: File descriptor (0) passed to $fscanf is not valid. Please compile the design with -debug for source location information.
encoder err : 
input : 000000000000011, golden : xxxx, your ans : 0010
ERROR: File descriptor (0) passed to $fscanf is not valid. Please compile the design with -debug for source location information.
encoder err : 
input : 000000000000100, golden : xxxx, your ans : 0011
ERROR: File descriptor (0) passed to $fscanf is not valid. Please compile the design with -debug for source location information.
encoder err : 
input : 000000000000101, golden : xxxx, your ans : 0011
ERROR: File descriptor (0) passed to $fscanf is not valid. Please compile the design with -debug for source location information.
encoder err : 
input : 000000000000110, golden : xxxx, your ans : 0011
ERROR: File descriptor (0) passed to $fscanf is not valid. Please compile the design with -debug for source location information.
encoder err : 
input : 000000000000111, golden : xxxx, your ans : 0011
ERROR: File descriptor (0) passed to $fscanf is not valid. Please compile the design with -debug for source location information.
encoder err : 
input : 000000000001000, golden : xxxx, your ans : 0100
ERROR: File descriptor (0) passed to $fscanf is not valid. Please compile the design with -debug for source location information.
encoder err : 
input : 000000000001001, golden : xxxx, your ans : 0100
ERROR: File descriptor (0) passed to $fscanf is not valid. Please compile the design with -debug for source location information.
encoder err : 
input : 000000000001010, golden : xxxx, your ans : 0100
ERROR: File descriptor (0) passed to $fscanf is not valid. Please compile the design with -debug for source location information.
encoder err : 
input : 000000000001011, golden : xxxx, your ans : 0100
ERROR: File descriptor (0) passed to $fscanf is not valid. Please compile the design with -debug for source location information.
encoder err : 
input : 000000000001100, golden : xxxx, your ans : 0100
ERROR: File descriptor (0) passed to $fscanf is not valid. Please compile the design with -debug for source location information.
encoder err : 
input : 000000000001101, golden : xxxx, your ans : 0100
ERROR: File descriptor (0) passed to $fscanf is not valid. Please compile the design with -debug for source location information.
encoder err : 
input : 000000000001110, golden : xxxx, your ans : 0100
ERROR: File descriptor (0) passed to $fscanf is not valid. Please compile the design with -debug for source location information.
encoder err : 
input : 000000000001111, golden : xxxx, your ans : 0100
ERROR: File descriptor (0) passed to $fscanf is not valid. Please compile the design with -debug for source location information.
encoder err : 
input : 000000000010000, golden : xxxx, your ans : 0101
ERROR: File descriptor (0) passed to $fscanf is not valid. Please compile the design with -debug for source location information.
encoder err : 
input : 000000000010001, golden : xxxx, your ans : 0101
ERROR: File descriptor (0) passed to $fscanf is not valid. Please compile the design with -debug for source location information.
encoder err : 
input : 000000000010010, golden : xxxx, your ans : 0101
ERROR: File descriptor (0) passed to $fscanf is not valid. Please compile the design with -debug for source location information.
encoder err : 
input : 000000000010011, golden : xxxx, your ans : 0101
ERROR: File descriptor (0) passed to $fscanf is not valid. Please compile the design with -debug for source location information.
encoder err : 
input : 000000000010100, golden : xxxx, your ans : 0101
ERROR: File descriptor (0) passed to $fscanf is not valid. Please compile the design with -debug for source location information.
encoder err : 
input : 000000000010101, golden : xxxx, your ans : 0101
ERROR: File descriptor (0) passed to $fscanf is not valid. Please compile the design with -debug for source location information.
encoder err : 
input : 000000000010110, golden : xxxx, your ans : 0101
ERROR: File descriptor (0) passed to $fscanf is not valid. Please compile the design with -debug for source location information.
encoder err : 
input : 000000000010111, golden : xxxx, your ans : 0101
ERROR: File descriptor (0) passed to $fscanf is not valid. Please compile the design with -debug for source location information.
encoder err : 
input : 000000000011000, golden : xxxx, your ans : 0101
ERROR: File descriptor (0) passed to $fscanf is not valid. Please compile the design with -debug for source location information.
encoder err : 
input : 000000000011001, golden : xxxx, your ans : 0101
ERROR: File descriptor (0) passed to $fscanf is not valid. Please compile the design with -debug for source location information.
encoder err : 
input : 000000000011010, golden : xxxx, your ans : 0101
ERROR: File descriptor (0) passed to $fscanf is not valid. Please compile the design with -debug for source location information.
encoder err : 
input : 000000000011011, golden : xxxx, your ans : 0101
ERROR: File descriptor (0) passed to $fscanf is not valid. Please compile the design with -debug for source location information.
encoder err : 
input : 000000000011100, golden : xxxx, your ans : 0101
ERROR: File descriptor (0) passed to $fscanf is not valid. Please compile the design with -debug for source location information.
encoder err : 
input : 000000000011101, golden : xxxx, your ans : 0101
ERROR: File descriptor (0) passed to $fscanf is not valid. Please compile the design with -debug for source location information.
encoder err : 
input : 000000000011110, golden : xxxx, your ans : 0101
ERROR: File descriptor (0) passed to $fscanf is not valid. Please compile the design with -debug for source location information.
encoder err : 
input : 000000000011111, golden : xxxx, your ans : 0101
ERROR: File descriptor (0) passed to $fscanf is not valid. Please compile the design with -debug for source location information.
encoder err : 
input : 000000000100000, golden : xxxx, your ans : 0110
ERROR: File descriptor (0) passed to $fscanf is not valid. Please compile the design with -debug for source location information.
encoder err : 
input : 000000000100001, golden : xxxx, your ans : 0110
ERROR: File descriptor (0) passed to $fscanf is not valid. Please compile the design with -debug for source location information.
encoder err : 
input : 000000000100010, golden : xxxx, your ans : 0110
ERROR: File descriptor (0) passed to $fscanf is not valid. Please compile the design with -debug for source location information.
encoder err : 
input : 000000000100011, golden : xxxx, your ans : 0110
ERROR: File descriptor (0) passed to $fscanf is not valid. Please compile the design with -debug for source location information.
encoder err : 
input : 000000000100100, golden : xxxx, your ans : 0110
ERROR: File descriptor (0) passed to $fscanf is not valid. Please compile the design with -debug for source location information.
encoder err : 
input : 000000000100101, golden : xxxx, your ans : 0110
ERROR: File descriptor (0) passed to $fscanf is not valid. Please compile the design with -debug for source location information.
encoder err : 
input : 000000000100110, golden : xxxx, your ans : 0110
ERROR: File descriptor (0) passed to $fscanf is not valid. Please compile the design with -debug for source location information.
encoder err : 
input : 000000000100111, golden : xxxx, your ans : 0110
ERROR: File descriptor (0) passed to $fscanf is not valid. Please compile the design with -debug for source location information.
encoder err : 
input : 000000000101000, golden : xxxx, your ans : 0110
ERROR: File descriptor (0) passed to $fscanf is not valid. Please compile the design with -debug for source location information.
encoder err : 
input : 000000000101001, golden : xxxx, your ans : 0110
ERROR: File descriptor (0) passed to $fscanf is not valid. Please compile the design with -debug for source location information.
encoder err : 
input : 000000000101010, golden : xxxx, your ans : 0110
ERROR: File descriptor (0) passed to $fscanf is not valid. Please compile the design with -debug for source location information.
encoder err : 
input : 000000000101011, golden : xxxx, your ans : 0110
ERROR: File descriptor (0) passed to $fscanf is not valid. Please compile the design with -debug for source location information.
encoder err : 
input : 000000000101100, golden : xxxx, your ans : 0110
ERROR: File descriptor (0) passed to $fscanf is not valid. Please compile the design with -debug for source location information.
encoder err : 
input : 000000000101101, golden : xxxx, your ans : 0110
ERROR: File descriptor (0) passed to $fscanf is not valid. Please compile the design with -debug for source location information.
encoder err : 
input : 000000000101110, golden : xxxx, your ans : 0110
ERROR: File descriptor (0) passed to $fscanf is not valid. Please compile the design with -debug for source location information.
encoder err : 
input : 000000000101111, golden : xxxx, your ans : 0110
ERROR: File descriptor (0) passed to $fscanf is not valid. Please compile the design with -debug for source location information.
encoder err : 
input : 000000000110000, golden : xxxx, your ans : 0110
ERROR: File descriptor (0) passed to $fscanf is not valid. Please compile the design with -debug for source location information.
encoder err : 
input : 000000000110001, golden : xxxx, your ans : 0110
ERROR: File descriptor (0) passed to $fscanf is not valid. Please compile the design with -debug for source location information.
INFO: [USF-XSim-96] XSim completed. Design snapshot 'lab2_top_15_2_tb_behav' loaded.
INFO: [USF-XSim-97] XSim simulation ran for 1000ns
launch_simulation: Time (s): cpu = 00:00:05 ; elapsed = 00:00:13 . Memory (MB): peak = 1697.723 ; gain = 18.844
set_property SOURCE_SET sources_1 [get_filesets sim_1]
add_files -fileset sim_1 -norecurse D:/LogicDesignLab/Lab2/Lab2_testbench/golden/BCD_golden.data
close_sim
INFO: [Simtcl 6-16] Simulation closed
launch_simulation
Command: launch_simulation 
INFO: [Vivado 12-25911] Executing simulation for 'XSim' simulator
INFO: [Vivado 12-28535] Process started - Tue Mar 17 15:27:40 2026

INFO: [Vivado 12-12493] Simulation top is 'lab2_top_15_2_tb'
INFO: [Vivado 12-5682] Launching behavioral simulation in 'D:/LogicDesignLab/Lab2/Practice4/top15_2_1/top15_2_1.sim/sim_1/behav/xsim'
INFO: [SIM-utils-51] Simulation object is 'sim_1'
INFO: [SIM-utils-72] Using boost library from 'D:/Applications/AMD_Vivado/2025.2/Vivado/tps/boost_1_72_0'
INFO: [SIM-utils-54] Inspecting design source files for 'lab2_top_15_2_tb' in fileset 'sim_1'...
INFO: [SIM-utils-43] Exported 'D:/LogicDesignLab/Lab2/Practice4/top15_2_1/top15_2_1.sim/sim_1/behav/xsim/BCD_golden.data'
INFO: [SIM-utils-43] Exported 'D:/LogicDesignLab/Lab2/Practice4/top15_2_1/top15_2_1.sim/sim_1/behav/xsim/BCD_golden.data'
INFO: [USF-XSim-97] Finding global include files...
INFO: [USF-XSim-100] Fetching design files from 'sources_1'...(this may take a while)...
INFO: [USF-XSim-101] Fetching design files from 'sim_1'...
INFO: [USF-XSim-2] XSim::Compile design
INFO: [USF-XSim-61] Executing 'COMPILE and ANALYZE' step in 'D:/LogicDesignLab/Lab2/Practice4/top15_2_1/top15_2_1.sim/sim_1/behav/xsim'
"xvlog --incr --relax -prj lab2_top_15_2_tb_vlog.prj"
INFO: [USF-XSim-69] 'compile' step finished in '2' seconds
INFO: [USF-XSim-3] XSim::Elaborate design
INFO: [USF-XSim-61] Executing 'ELABORATE' step in 'D:/LogicDesignLab/Lab2/Practice4/top15_2_1/top15_2_1.sim/sim_1/behav/xsim'
"xelab --incr --debug typical --relax --mt 2 -L xil_defaultlib -L unisims_ver -L unimacro_ver -L secureip --snapshot lab2_top_15_2_tb_behav xil_defaultlib.lab2_top_15_2_tb xil_defaultlib.glbl -log elaborate.log"
Vivado Simulator v2025.2
Copyright 1986-2022 Xilinx, Inc. All Rights Reserved.
Copyright 2022-2025 Advanced Micro Devices, Inc. All Rights Reserved.
Running: D:/Applications/AMD_Vivado/2025.2/Vivado/bin/unwrapped/win64.o/xelab.exe --incr --debug typical --relax --mt 2 -L xil_defaultlib -L unisims_ver -L unimacro_ver -L secureip --snapshot lab2_top_15_2_tb_behav xil_defaultlib.lab2_top_15_2_tb xil_defaultlib.glbl -log elaborate.log 
Using 2 slave threads.
Starting static elaboration
Pass Through NonSizing Optimizer
Completed static elaboration
INFO: [XSIM 43-4323] No Change in HDL. Linking previously generated obj files to create kernel
INFO: [USF-XSim-69] 'elaborate' step finished in '2' seconds
INFO: [USF-XSim-4] XSim::Simulate design
INFO: [USF-XSim-61] Executing 'SIMULATE' step in 'D:/LogicDesignLab/Lab2/Practice4/top15_2_1/top15_2_1.sim/sim_1/behav/xsim'
INFO: [USF-XSim-98] *** Running xsim
   with args "lab2_top_15_2_tb_behav -key {Behavioral:sim_1:Functional:lab2_top_15_2_tb} -tclbatch {lab2_top_15_2_tb.tcl} -log {simulate.log}"
INFO: [USF-XSim-8] Loading simulator feature
Time resolution is 1 ps
source lab2_top_15_2_tb.tcl
# set curr_wave [current_wave_config]
# if { [string length $curr_wave] == 0 } {
#   if { [llength [get_objects]] > 0} {
#     add_wave /
#     set_property needs_save false [current_wave_config]
#   } else {
#      send_msg_id Add_Wave-1 WARNING "No top level signals found. Simulator will start without a wave window. If you want to open a wave window go to 'File->New Waveform Configuration' or type 'create_wave_config' in the TCL console."
#   }
# }
# run 1000ns
----------------------
-- Simulation Start --
----------------------
INFO: [USF-XSim-96] XSim completed. Design snapshot 'lab2_top_15_2_tb_behav' loaded.
INFO: [USF-XSim-97] XSim simulation ran for 1000ns
launch_simulation: Time (s): cpu = 00:00:04 ; elapsed = 00:00:06 . Memory (MB): peak = 1860.938 ; gain = 0.000
run all




        ****************************    _._     _,-'""`-._        
        **  Congratulations !!    **   (,-.`._,'(       |\`-/|     
        **  Simulation1 PASS!!    **       `-.-' \ )-`( , o o)     
        ****************************             `-    \`_`"'-    


$finish called at time : 655360 ns : File "D:/LogicDesignLab/Lab2/Practice4/top15_2_1/top15_2_1.srcs/sim_1/new/top15_2_tb.v" Line 169
file mkdir D:/LogicDesignLab/Lab2/Practice4/top15_2_1/top15_2_1.srcs/constrs_1
add_files -fileset constrs_1 -norecurse {{C:/Users/user/Downloads/PYNQ-Z2 v1.0.xdc}}
WARNING: [filemgmt 56-199] Attempt to get parsing info during refresh. "On-the-fly" syntax checking information may be incorrect. [D:\LogicDesignLab\Lab2\Practice4\top15_2_1\top15_2_1.srcs\sim_1\new\top15_2_tb.v:]
WARNING: [filemgmt 56-199] Attempt to get parsing info during refresh. "On-the-fly" syntax checking information may be incorrect. [D:\LogicDesignLab\Lab2\Practice4\top15_2_1\top15_2_1.srcs\sources_1\new\top15_2_1.v:]
WARNING: [filemgmt 56-199] Attempt to get parsing info during refresh. "On-the-fly" syntax checking information may be incorrect. [D:\LogicDesignLab\Lab2\Practice4\top15_2_1\top15_2_1.srcs\sim_1\new\top15_2_tb.v:]
WARNING: [filemgmt 56-199] Attempt to get parsing info during refresh. "On-the-fly" syntax checking information may be incorrect. [D:\LogicDesignLab\Lab2\Practice4\top15_2_1\top15_2_1.srcs\sim_1\new\top15_2_tb.v:]
ERROR: [Common 17-180] Spawn failed: 操作順利完成。

WARNING: [filemgmt 56-199] Attempt to get parsing info during refresh. "On-the-fly" syntax checking information may be incorrect. [D:\LogicDesignLab\Lab2\Practice4\top15_2_1\top15_2_1.srcs\sources_1\new\top15_2_1.v:]
WARNING: [filemgmt 56-199] Attempt to get parsing info during refresh. "On-the-fly" syntax checking information may be incorrect. [D:\LogicDesignLab\Lab2\Practice2_2\Decoder_7S2\Decoder_7S2.srcs\sources_1\new\Decoder_7S2.v:]
WARNING: [filemgmt 56-199] Attempt to get parsing info during refresh. "On-the-fly" syntax checking information may be incorrect. [D:\LogicDesignLab\Lab2\Practice2_2\Decoder_7S2\Decoder_7S2.srcs\sources_1\new\Decoder_7S2.v:]
WARNING: [filemgmt 56-199] Attempt to get parsing info during refresh. "On-the-fly" syntax checking information may be incorrect. [D:\LogicDesignLab\Lab2\Practice2_2\Decoder_7S2\Decoder_7S2.srcs\sources_1\new\Decoder_7S2.v:]
ERROR: [Common 17-180] Spawn failed: 操作順利完成。

WARNING: [filemgmt 56-199] Attempt to get parsing info during refresh. "On-the-fly" syntax checking information may be incorrect. [D:\LogicDesignLab\Lab2\Practice4\top15_2_1\top15_2_1.srcs\sources_1\new\top15_2_1.v:]
WARNING: [filemgmt 56-199] Attempt to get parsing info during refresh. "On-the-fly" syntax checking information may be incorrect. [D:\LogicDesignLab\Lab2\Practice2_2\Decoder_7S2\Decoder_7S2.srcs\sources_1\new\Decoder_7S2.v:]
WARNING: [filemgmt 56-199] Attempt to get parsing info during refresh. "On-the-fly" syntax checking information may be incorrect. [D:\LogicDesignLab\Lab2\Practice2_2\Decoder_7S2\Decoder_7S2.srcs\sources_1\new\Decoder_7S2.v:]
WARNING: [filemgmt 56-199] Attempt to get parsing info during refresh. "On-the-fly" syntax checking information may be incorrect. [D:\LogicDesignLab\Lab2\Practice2_2\Decoder_7S2\Decoder_7S2.srcs\sources_1\new\Decoder_7S2.v:]
ERROR: [Common 17-180] Spawn failed: 操作順利完成。

WARNING: [filemgmt 56-199] Attempt to get parsing info during refresh. "On-the-fly" syntax checking information may be incorrect. [D:\LogicDesignLab\Lab2\Practice4\top15_2_1\top15_2_1.srcs\sources_1\new\top15_2_1.v:]
WARNING: [filemgmt 56-199] Attempt to get parsing info during refresh. "On-the-fly" syntax checking information may be incorrect. [D:\LogicDesignLab\Lab2\Practice2_2\Decoder_7S2\Decoder_7S2.srcs\sources_1\new\Decoder_7S2.v:]
WARNING: [filemgmt 56-199] Attempt to get parsing info during refresh. "On-the-fly" syntax checking information may be incorrect. [D:\LogicDesignLab\Lab2\Practice2_2\Decoder_7S2\Decoder_7S2.srcs\sources_1\new\Decoder_7S2.v:]
WARNING: [filemgmt 56-199] Attempt to get parsing info during refresh. "On-the-fly" syntax checking information may be incorrect. [D:\LogicDesignLab\Lab2\Practice2_2\Decoder_7S2\Decoder_7S2.srcs\sources_1\new\Decoder_7S2.v:]
ERROR: [Common 17-180] Spawn failed: 操作順利完成。

synth_design -top top15_2_1 -part xc7z020clg400-1 -lint 
Command: synth_design -top top15_2_1 -part xc7z020clg400-1 -lint
Starting synth_design
Attempting to get a license for feature 'Synthesis' and/or device 'xc7z020'
INFO: [Common 17-349] Got license for feature 'Synthesis' and/or device 'xc7z020'
INFO: [Synth 8-7079] Multithreading enabled for synth_design using a maximum of 2 processes.
INFO: [Synth 8-7078] Launching helper process for spawning children vivado processes
INFO: [Synth 8-7075] Helper process launched with PID 20108
---------------------------------------------------------------------------------
Starting Synthesize : Time (s): cpu = 00:00:06 ; elapsed = 00:00:07 . Memory (MB): peak = 2238.457 ; gain = 377.520
---------------------------------------------------------------------------------
Clean up Linter database...
ERROR: [Synth 8-439] module 'top15_2_1' not found
---------------------------------------------------------------------------------
Finished Synthesize : Time (s): cpu = 00:00:08 ; elapsed = 00:00:09 . Memory (MB): peak = 2355.043 ; gain = 494.105
---------------------------------------------------------------------------------
synthesize failed
INFO: [Common 17-83] Releasing license: Synthesis
5 Infos, 0 Warnings, 0 Critical Warnings and 1 Errors encountered.
synth_design completed successfully
synth_design: Time (s): cpu = 00:00:08 ; elapsed = 00:00:10 . Memory (MB): peak = 2355.043 ; gain = 494.105
ERROR: [Common 17-39] 'synth_design' failed due to earlier errors.
launch_runs synth_1 -jobs 6
WARNING: [Vivado 12-7122] Auto Incremental Compile:: No reference checkpoint was found in run synth_1. Auto-incremental flow will not be run, the standard flow will be run instead.
[Tue Mar 17 16:16:50 2026] Launched synth_1...
Run output will be captured here: D:/LogicDesignLab/Lab2/Practice4/top15_2_1/top15_2_1.runs/synth_1/runme.log
close_sim
INFO: [Simtcl 6-16] Simulation closed
exit
INFO: [Common 17-206] Exiting Vivado at Tue Mar 17 18:06:55 2026...
