Copyright 1986-2022 Xilinx, Inc. All Rights Reserved. Copyright 2022-2025 Advanced Micro Devices, Inc. All Rights Reserved.
------------------------------------------------------------------------------------------------------------------------------------------------------------------------------------------------------------------------------------
| Tool Version : Vivado v.2025.2 (win64) Build 6299465 Fri Nov 14 19:35:11 GMT 2025
| Date         : Tue Mar 17 16:13:48 2026
| Host         : rongx1227 running 64-bit major release  (build 9200)
| Command      : report_timing_summary -max_paths 10 -routable_nets -report_unconstrained -file top_15_2_timing_summary_routed.rpt -pb top_15_2_timing_summary_routed.pb -rpx top_15_2_timing_summary_routed.rpx -warn_on_violation
| Design       : top_15_2
| Device       : 7z020-clg400
| Speed File   : -1  PRODUCTION 1.12 2019-11-22
| Design State : Routed
------------------------------------------------------------------------------------------------------------------------------------------------------------------------------------------------------------------------------------

Timing Summary Report

------------------------------------------------------------------------------------------------
| Timer Settings
| --------------
------------------------------------------------------------------------------------------------

  Enable Multi Corner Analysis               :  Yes
  Enable Pessimism Removal                   :  Yes
  Pessimism Removal Resolution               :  Nearest Common Node
  Enable Input Delay Default Clock           :  No
  Enable Preset / Clear Arcs                 :  No
  Disable Flight Delays                      :  No
  Ignore I/O Paths                           :  No
  Timing Early Launch at Borrowing Latches   :  No
  Borrow Time for Max Delay Exceptions       :  Yes
  Merge Timing Exceptions                    :  Yes
  Inter-SLR Compensation                     :  Conservative

  Corner  Analyze    Analyze    
  Name    Max Paths  Min Paths  
  ------  ---------  ---------  
  Slow    Yes        Yes        
  Fast    Yes        Yes        


------------------------------------------------------------------------------------------------
| Report Methodology
| ------------------
------------------------------------------------------------------------------------------------

No report available as report_methodology has not been run prior. Run report_methodology on the current design for the summary of methodology violations.



check_timing report

Table of Contents
-----------------
1. checking no_clock (0)
2. checking constant_clock (0)
3. checking pulse_width_clock (0)
4. checking unconstrained_internal_endpoints (0)
5. checking no_input_delay (0)
6. checking no_output_delay (0)
7. checking multiple_clock (0)
8. checking generated_clocks (0)
9. checking loops (0)
10. checking partial_input_delay (0)
11. checking partial_output_delay (0)
12. checking latch_loops (0)

1. checking no_clock (0)
------------------------
 There are 0 register/latch pins with no clock.


2. checking constant_clock (0)
------------------------------
 There are 0 register/latch pins with constant_clock.


3. checking pulse_width_clock (0)
---------------------------------
 There are 0 register/latch pins which need pulse_width check


4. checking unconstrained_internal_endpoints (0)
------------------------------------------------
 There are 0 pins that are not constrained for maximum delay.

 There are 0 pins that are not constrained for maximum delay due to constant clock.


5. checking no_input_delay (0)
------------------------------
 There are 0 input ports with no input delay specified.

 There are 0 input ports with no input delay but user has a false path constraint.


6. checking no_output_delay (0)
-------------------------------
 There are 0 ports with no output delay specified.

 There are 0 ports with no output delay but user has a false path constraint

 There are 0 ports with no output delay but with a timing clock defined on it or propagating through it


7. checking multiple_clock (0)
------------------------------
 There are 0 register/latch pins with multiple clocks.


8. checking generated_clocks (0)
--------------------------------
 There are 0 generated clocks that are not connected to a clock source.


9. checking loops (0)
---------------------
 There are 0 combinational loops in the design.


10. checking partial_input_delay (0)
------------------------------------
 There are 0 input ports with partial input delay specified.


11. checking partial_output_delay (0)
-------------------------------------
 There are 0 ports with partial output delay specified.


12. checking latch_loops (0)
----------------------------
 There are 0 combinational latch loops in the design through latch input



------------------------------------------------------------------------------------------------
| Design Timing Summary
| ---------------------
------------------------------------------------------------------------------------------------

    WNS(ns)      TNS(ns)  TNS Failing Endpoints  TNS Total Endpoints      WHS(ns)      THS(ns)  THS Failing Endpoints  THS Total Endpoints     WPWS(ns)     TPWS(ns)  TPWS Failing Endpoints  TPWS Total Endpoints  
    -------      -------  ---------------------  -------------------      -------      -------  ---------------------  -------------------     --------     --------  ----------------------  --------------------  
        inf        0.000                      0                   15          inf        0.000                      0                   15           NA           NA                      NA                    NA  


There are no user specified timing constraints.


------------------------------------------------------------------------------------------------
| Clock Summary
| -------------
------------------------------------------------------------------------------------------------


------------------------------------------------------------------------------------------------
| Intra Clock Table
| -----------------
------------------------------------------------------------------------------------------------

Clock             WNS(ns)      TNS(ns)  TNS Failing Endpoints  TNS Total Endpoints      WHS(ns)      THS(ns)  THS Failing Endpoints  THS Total Endpoints     WPWS(ns)     TPWS(ns)  TPWS Failing Endpoints  TPWS Total Endpoints  
-----             -------      -------  ---------------------  -------------------      -------      -------  ---------------------  -------------------     --------     --------  ----------------------  --------------------  


------------------------------------------------------------------------------------------------
| Inter Clock Table
| -----------------
------------------------------------------------------------------------------------------------

From Clock    To Clock          WNS(ns)      TNS(ns)  TNS Failing Endpoints  TNS Total Endpoints      WHS(ns)      THS(ns)  THS Failing Endpoints  THS Total Endpoints  
----------    --------          -------      -------  ---------------------  -------------------      -------      -------  ---------------------  -------------------  


------------------------------------------------------------------------------------------------
| Other Path Groups Table
| -----------------------
------------------------------------------------------------------------------------------------

Path Group    From Clock    To Clock          WNS(ns)      TNS(ns)  TNS Failing Endpoints  TNS Total Endpoints      WHS(ns)      THS(ns)  THS Failing Endpoints  THS Total Endpoints  
----------    ----------    --------          -------      -------  ---------------------  -------------------      -------      -------  ---------------------  -------------------  


------------------------------------------------------------------------------------------------
| User Ignored Path Table
| -----------------------
------------------------------------------------------------------------------------------------

Path Group    From Clock    To Clock    
----------    ----------    --------    


------------------------------------------------------------------------------------------------
| Unconstrained Path Table
| ------------------------
------------------------------------------------------------------------------------------------

Path Group    From Clock    To Clock    
----------    ----------    --------    
(none)                                    


------------------------------------------------------------------------------------------------
| Timing Details
| --------------
------------------------------------------------------------------------------------------------


--------------------------------------------------------------------------------------
Path Group:  (none)
From Clock:  
  To Clock:  

Max Delay            15 Endpoints
Min Delay            15 Endpoints
--------------------------------------------------------------------------------------


Max Delay Paths
--------------------------------------------------------------------------------------
Slack:                    inf
  Source:                 in[6]
                            (input port)
  Destination:            out_0[2]
                            (output port)
  Path Group:             (none)
  Path Type:              Max at Slow Process Corner
  Data Path Delay:        16.047ns  (logic 5.500ns (34.276%)  route 10.547ns (65.724%))
  Logic Levels:           5  (IBUF=1 LUT5=1 LUT6=2 OBUF=1)

    Location             Delay type                Incr(ns)  Path(ns)    Netlist Resource(s)
  -------------------------------------------------------------------    -------------------
    V10                                               0.000     0.000 f  in[6] (IN)
                         net (fo=0)                   0.000     0.000    in[6]
    V10                  IBUF (Prop_ibuf_I_O)         1.505     1.505 f  in_IBUF[6]_inst/O
                         net (fo=9, routed)           7.188     8.693    in_IBUF[6]
    SLICE_X113Y77        LUT6 (Prop_lut6_I5_O)        0.124     8.817 r  out_0_OBUF[2]_inst_i_3/O
                         net (fo=1, routed)           0.433     9.250    out_0_OBUF[2]_inst_i_3_n_0
    SLICE_X113Y77        LUT6 (Prop_lut6_I2_O)        0.124     9.374 r  out_0_OBUF[2]_inst_i_2/O
                         net (fo=1, routed)           0.670    10.044    out_0_OBUF[2]_inst_i_2_n_0
    SLICE_X113Y77        LUT5 (Prop_lut5_I2_O)        0.124    10.168 r  out_0_OBUF[2]_inst_i_1/O
                         net (fo=1, routed)           2.255    12.424    out_0_OBUF[2]
    U13                  OBUF (Prop_obuf_I_O)         3.624    16.047 r  out_0_OBUF[2]_inst/O
                         net (fo=0)                   0.000    16.047    out_0[2]
    U13                                                               r  out_0[2] (OUT)
  -------------------------------------------------------------------    -------------------

Slack:                    inf
  Source:                 in[11]
                            (input port)
  Destination:            out_0[0]
                            (output port)
  Path Group:             (none)
  Path Type:              Max at Slow Process Corner
  Data Path Delay:        15.671ns  (logic 5.527ns (35.268%)  route 10.144ns (64.732%))
  Logic Levels:           4  (IBUF=1 LUT4=1 LUT6=1 OBUF=1)

    Location             Delay type                Incr(ns)  Path(ns)    Netlist Resource(s)
  -------------------------------------------------------------------    -------------------
    V6                                                0.000     0.000 r  in[11] (IN)
                         net (fo=0)                   0.000     0.000    in[11]
    V6                   IBUF (Prop_ibuf_I_O)         1.466     1.466 r  in_IBUF[11]_inst/O
                         net (fo=12, routed)          7.040     8.505    in_IBUF[11]
    SLICE_X112Y77        LUT6 (Prop_lut6_I0_O)        0.124     8.629 r  out_0_OBUF[0]_inst_i_2/O
                         net (fo=1, routed)           1.038     9.668    out_0_OBUF[0]_inst_i_2_n_0
    SLICE_X112Y78        LUT4 (Prop_lut4_I1_O)        0.150     9.818 r  out_0_OBUF[0]_inst_i_1/O
                         net (fo=1, routed)           2.066    11.884    out_0_OBUF[0]
    T14                  OBUF (Prop_obuf_I_O)         3.787    15.671 r  out_0_OBUF[0]_inst/O
                         net (fo=0)                   0.000    15.671    out_0[0]
    T14                                                               r  out_0[0] (OUT)
  -------------------------------------------------------------------    -------------------

Slack:                    inf
  Source:                 in[6]
                            (input port)
  Destination:            BCD[2]
                            (output port)
  Path Group:             (none)
  Path Type:              Max at Slow Process Corner
  Data Path Delay:        15.430ns  (logic 5.325ns (34.511%)  route 10.105ns (65.489%))
  Logic Levels:           4  (IBUF=1 LUT6=2 OBUF=1)

    Location             Delay type                Incr(ns)  Path(ns)    Netlist Resource(s)
  -------------------------------------------------------------------    -------------------
    V10                                               0.000     0.000 r  in[6] (IN)
                         net (fo=0)                   0.000     0.000    in[6]
    V10                  IBUF (Prop_ibuf_I_O)         1.505     1.505 r  in_IBUF[6]_inst/O
                         net (fo=9, routed)           6.874     8.378    in_IBUF[6]
    SLICE_X110Y76        LUT6 (Prop_lut6_I3_O)        0.124     8.502 r  BCD_OBUF[2]_inst_i_2/O
                         net (fo=1, routed)           0.582     9.085    BCD_OBUF[2]_inst_i_2_n_0
    SLICE_X112Y76        LUT6 (Prop_lut6_I2_O)        0.124     9.209 r  BCD_OBUF[2]_inst_i_1/O
                         net (fo=1, routed)           2.649    11.858    BCD_OBUF[2]
    N16                  OBUF (Prop_obuf_I_O)         3.572    15.430 r  BCD_OBUF[2]_inst/O
                         net (fo=0)                   0.000    15.430    BCD[2]
    N16                                                               r  BCD[2] (OUT)
  -------------------------------------------------------------------    -------------------

Slack:                    inf
  Source:                 in[6]
                            (input port)
  Destination:            out_0[1]
                            (output port)
  Path Group:             (none)
  Path Type:              Max at Slow Process Corner
  Data Path Delay:        15.366ns  (logic 5.502ns (35.808%)  route 9.864ns (64.192%))
  Logic Levels:           5  (IBUF=1 LUT5=1 LUT6=2 OBUF=1)

    Location             Delay type                Incr(ns)  Path(ns)    Netlist Resource(s)
  -------------------------------------------------------------------    -------------------
    V10                                               0.000     0.000 f  in[6] (IN)
                         net (fo=0)                   0.000     0.000    in[6]
    V10                  IBUF (Prop_ibuf_I_O)         1.505     1.505 f  in_IBUF[6]_inst/O
                         net (fo=9, routed)           6.194     7.699    in_IBUF[6]
    SLICE_X112Y75        LUT6 (Prop_lut6_I5_O)        0.124     7.823 r  out_0_OBUF[1]_inst_i_3/O
                         net (fo=1, routed)           0.800     8.623    out_0_OBUF[1]_inst_i_3_n_0
    SLICE_X112Y76        LUT6 (Prop_lut6_I2_O)        0.124     8.747 r  out_0_OBUF[1]_inst_i_2/O
                         net (fo=1, routed)           0.466     9.212    out_0_OBUF[1]_inst_i_2_n_0
    SLICE_X112Y76        LUT5 (Prop_lut5_I2_O)        0.124     9.336 r  out_0_OBUF[1]_inst_i_1/O
                         net (fo=1, routed)           2.404    11.740    out_0_OBUF[1]
    U12                  OBUF (Prop_obuf_I_O)         3.626    15.366 r  out_0_OBUF[1]_inst/O
                         net (fo=0)                   0.000    15.366    out_0[1]
    U12                                                               r  out_0[1] (OUT)
  -------------------------------------------------------------------    -------------------

Slack:                    inf
  Source:                 in[6]
                            (input port)
  Destination:            out_0[3]
                            (output port)
  Path Group:             (none)
  Path Type:              Max at Slow Process Corner
  Data Path Delay:        15.260ns  (logic 5.502ns (36.053%)  route 9.758ns (63.947%))
  Logic Levels:           5  (IBUF=1 LUT5=1 LUT6=2 OBUF=1)

    Location             Delay type                Incr(ns)  Path(ns)    Netlist Resource(s)
  -------------------------------------------------------------------    -------------------
    V10                                               0.000     0.000 f  in[6] (IN)
                         net (fo=0)                   0.000     0.000    in[6]
    V10                  IBUF (Prop_ibuf_I_O)         1.505     1.505 f  in_IBUF[6]_inst/O
                         net (fo=9, routed)           6.691     8.195    in_IBUF[6]
    SLICE_X113Y76        LUT6 (Prop_lut6_I5_O)        0.124     8.319 r  out_0_OBUF[6]_inst_i_3/O
                         net (fo=2, routed)           0.167     8.486    out_0_OBUF[6]_inst_i_3_n_0
    SLICE_X113Y76        LUT6 (Prop_lut6_I2_O)        0.124     8.610 r  out_0_OBUF[3]_inst_i_2/O
                         net (fo=1, routed)           0.645     9.255    out_0_OBUF[3]_inst_i_2_n_0
    SLICE_X113Y76        LUT5 (Prop_lut5_I2_O)        0.124     9.379 r  out_0_OBUF[3]_inst_i_1/O
                         net (fo=1, routed)           2.255    11.635    out_0_OBUF[3]
    V13                  OBUF (Prop_obuf_I_O)         3.625    15.260 r  out_0_OBUF[3]_inst/O
                         net (fo=0)                   0.000    15.260    out_0[3]
    V13                                                               r  out_0[3] (OUT)
  -------------------------------------------------------------------    -------------------

Slack:                    inf
  Source:                 in[11]
                            (input port)
  Destination:            BCD[3]
                            (output port)
  Path Group:             (none)
  Path Type:              Max at Slow Process Corner
  Data Path Delay:        15.063ns  (logic 5.294ns (35.150%)  route 9.768ns (64.850%))
  Logic Levels:           4  (IBUF=1 LUT3=1 LUT6=1 OBUF=1)

    Location             Delay type                Incr(ns)  Path(ns)    Netlist Resource(s)
  -------------------------------------------------------------------    -------------------
    V6                                                0.000     0.000 r  in[11] (IN)
                         net (fo=0)                   0.000     0.000    in[11]
    V6                   IBUF (Prop_ibuf_I_O)         1.466     1.466 r  in_IBUF[11]_inst/O
                         net (fo=12, routed)          6.653     8.119    in_IBUF[11]
    SLICE_X112Y77        LUT6 (Prop_lut6_I4_O)        0.124     8.243 r  BCD_OBUF[3]_inst_i_2/O
                         net (fo=1, routed)           0.661     8.904    BCD_OBUF[3]_inst_i_2_n_0
    SLICE_X112Y78        LUT3 (Prop_lut3_I1_O)        0.124     9.028 r  BCD_OBUF[3]_inst_i_1/O
                         net (fo=1, routed)           2.453    11.482    BCD_OBUF[3]
    M14                  OBUF (Prop_obuf_I_O)         3.581    15.063 r  BCD_OBUF[3]_inst/O
                         net (fo=0)                   0.000    15.063    BCD[3]
    M14                                                               r  BCD[3] (OUT)
  -------------------------------------------------------------------    -------------------

Slack:                    inf
  Source:                 in[11]
                            (input port)
  Destination:            out_1[6]
                            (output port)
  Path Group:             (none)
  Path Type:              Max at Slow Process Corner
  Data Path Delay:        15.058ns  (logic 5.120ns (34.004%)  route 9.938ns (65.996%))
  Logic Levels:           3  (IBUF=1 LUT6=1 OBUF=1)

    Location             Delay type                Incr(ns)  Path(ns)    Netlist Resource(s)
  -------------------------------------------------------------------    -------------------
    V6                                                0.000     0.000 r  in[11] (IN)
                         net (fo=0)                   0.000     0.000    in[11]
    V6                   IBUF (Prop_ibuf_I_O)         1.466     1.466 r  in_IBUF[11]_inst/O
                         net (fo=12, routed)          7.021     8.486    in_IBUF[11]
    SLICE_X113Y77        LUT6 (Prop_lut6_I3_O)        0.124     8.610 r  out_1_OBUF[6]_inst_i_1/O
                         net (fo=4, routed)           2.917    11.527    out_1_OBUF[1]
    N17                  OBUF (Prop_obuf_I_O)         3.531    15.058 r  out_1_OBUF[6]_inst/O
                         net (fo=0)                   0.000    15.058    out_1[6]
    N17                                                               r  out_1[6] (OUT)
  -------------------------------------------------------------------    -------------------

Slack:                    inf
  Source:                 in[6]
                            (input port)
  Destination:            BCD[0]
                            (output port)
  Path Group:             (none)
  Path Type:              Max at Slow Process Corner
  Data Path Delay:        14.991ns  (logic 5.407ns (36.066%)  route 9.584ns (63.934%))
  Logic Levels:           5  (IBUF=1 LUT5=1 LUT6=2 OBUF=1)

    Location             Delay type                Incr(ns)  Path(ns)    Netlist Resource(s)
  -------------------------------------------------------------------    -------------------
    V10                                               0.000     0.000 f  in[6] (IN)
                         net (fo=0)                   0.000     0.000    in[6]
    V10                  IBUF (Prop_ibuf_I_O)         1.505     1.505 f  in_IBUF[6]_inst/O
                         net (fo=9, routed)           6.367     7.871    in_IBUF[6]
    SLICE_X111Y76        LUT6 (Prop_lut6_I5_O)        0.124     7.995 r  BCD_OBUF[0]_inst_i_3/O
                         net (fo=1, routed)           0.151     8.147    BCD_OBUF[0]_inst_i_3_n_0
    SLICE_X111Y76        LUT6 (Prop_lut6_I2_O)        0.124     8.271 r  BCD_OBUF[0]_inst_i_2/O
                         net (fo=1, routed)           0.965     9.236    BCD_OBUF[0]_inst_i_2_n_0
    SLICE_X112Y77        LUT5 (Prop_lut5_I2_O)        0.124     9.360 r  BCD_OBUF[0]_inst_i_1/O
                         net (fo=1, routed)           2.101    11.461    BCD_OBUF[0]
    R14                  OBUF (Prop_obuf_I_O)         3.530    14.991 r  BCD_OBUF[0]_inst/O
                         net (fo=0)                   0.000    14.991    BCD[0]
    R14                                                               r  BCD[0] (OUT)
  -------------------------------------------------------------------    -------------------

Slack:                    inf
  Source:                 in[7]
                            (input port)
  Destination:            out_0[4]
                            (output port)
  Path Group:             (none)
  Path Type:              Max at Slow Process Corner
  Data Path Delay:        14.843ns  (logic 5.572ns (37.539%)  route 9.271ns (62.461%))
  Logic Levels:           5  (IBUF=1 LUT4=1 LUT6=2 OBUF=1)

    Location             Delay type                Incr(ns)  Path(ns)    Netlist Resource(s)
  -------------------------------------------------------------------    -------------------
    V8                                                0.000     0.000 f  in[7] (IN)
                         net (fo=0)                   0.000     0.000    in[7]
    V8                   IBUF (Prop_ibuf_I_O)         1.567     1.567 f  in_IBUF[7]_inst/O
                         net (fo=10, routed)          6.356     7.923    in_IBUF[7]
    SLICE_X112Y75        LUT6 (Prop_lut6_I5_O)        0.124     8.047 r  out_0_OBUF[4]_inst_i_3/O
                         net (fo=1, routed)           0.162     8.209    out_0_OBUF[4]_inst_i_3_n_0
    SLICE_X112Y75        LUT6 (Prop_lut6_I2_O)        0.124     8.333 r  out_0_OBUF[4]_inst_i_2/O
                         net (fo=1, routed)           0.945     9.278    out_0_OBUF[4]_inst_i_2_n_0
    SLICE_X112Y78        LUT4 (Prop_lut4_I1_O)        0.124     9.402 r  out_0_OBUF[4]_inst_i_1/O
                         net (fo=1, routed)           1.808    11.210    out_0_OBUF[4]
    V15                  OBUF (Prop_obuf_I_O)         3.633    14.843 r  out_0_OBUF[4]_inst/O
                         net (fo=0)                   0.000    14.843    out_0[4]
    V15                                                               r  out_0[4] (OUT)
  -------------------------------------------------------------------    -------------------

Slack:                    inf
  Source:                 in[11]
                            (input port)
  Destination:            out_1[2]
                            (output port)
  Path Group:             (none)
  Path Type:              Max at Slow Process Corner
  Data Path Delay:        14.800ns  (logic 5.148ns (34.780%)  route 9.653ns (65.220%))
  Logic Levels:           3  (IBUF=1 LUT6=1 OBUF=1)

    Location             Delay type                Incr(ns)  Path(ns)    Netlist Resource(s)
  -------------------------------------------------------------------    -------------------
    V6                                                0.000     0.000 r  in[11] (IN)
                         net (fo=0)                   0.000     0.000    in[11]
    V6                   IBUF (Prop_ibuf_I_O)         1.466     1.466 r  in_IBUF[11]_inst/O
                         net (fo=12, routed)          7.021     8.486    in_IBUF[11]
    SLICE_X113Y77        LUT6 (Prop_lut6_I3_O)        0.124     8.610 r  out_1_OBUF[6]_inst_i_1/O
                         net (fo=4, routed)           2.632    11.242    out_1_OBUF[1]
    V18                  OBUF (Prop_obuf_I_O)         3.558    14.800 r  out_1_OBUF[2]_inst/O
                         net (fo=0)                   0.000    14.800    out_1[2]
    V18                                                               r  out_1[2] (OUT)
  -------------------------------------------------------------------    -------------------





Min Delay Paths
--------------------------------------------------------------------------------------
Slack:                    inf
  Source:                 in[4]
                            (input port)
  Destination:            out_0[6]
                            (output port)
  Path Group:             (none)
  Path Type:              Min at Fast Process Corner
  Data Path Delay:        2.820ns  (logic 1.640ns (58.178%)  route 1.179ns (41.822%))
  Logic Levels:           5  (IBUF=1 LUT5=1 LUT6=2 OBUF=1)

    Location             Delay type                Incr(ns)  Path(ns)    Netlist Resource(s)
  -------------------------------------------------------------------    -------------------
    U19                                               0.000     0.000 r  in[4] (IN)
                         net (fo=0)                   0.000     0.000    in[4]
    U19                  IBUF (Prop_ibuf_I_O)         0.271     0.271 r  in_IBUF[4]_inst/O
                         net (fo=8, routed)           0.445     0.716    in_IBUF[4]
    SLICE_X113Y76        LUT6 (Prop_lut6_I1_O)        0.045     0.761 r  out_0_OBUF[6]_inst_i_3/O
                         net (fo=2, routed)           0.117     0.878    out_0_OBUF[6]_inst_i_3_n_0
    SLICE_X113Y75        LUT6 (Prop_lut6_I2_O)        0.045     0.923 r  out_0_OBUF[6]_inst_i_2/O
                         net (fo=1, routed)           0.082     1.005    out_0_OBUF[6]_inst_i_2_n_0
    SLICE_X113Y75        LUT5 (Prop_lut5_I2_O)        0.045     1.050 r  out_0_OBUF[6]_inst_i_1/O
                         net (fo=1, routed)           0.535     1.585    out_0_OBUF[6]
    R16                  OBUF (Prop_obuf_I_O)         1.235     2.820 r  out_0_OBUF[6]_inst/O
                         net (fo=0)                   0.000     2.820    out_0[6]
    R16                                                               r  out_0[6] (OUT)
  -------------------------------------------------------------------    -------------------

Slack:                    inf
  Source:                 in[3]
                            (input port)
  Destination:            BCD[0]
                            (output port)
  Path Group:             (none)
  Path Type:              Min at Fast Process Corner
  Data Path Delay:        2.941ns  (logic 1.632ns (55.487%)  route 1.309ns (44.513%))
  Logic Levels:           5  (IBUF=1 LUT5=1 LUT6=2 OBUF=1)

    Location             Delay type                Incr(ns)  Path(ns)    Netlist Resource(s)
  -------------------------------------------------------------------    -------------------
    U18                                               0.000     0.000 r  in[3] (IN)
                         net (fo=0)                   0.000     0.000    in[3]
    U18                  IBUF (Prop_ibuf_I_O)         0.266     0.266 r  in_IBUF[3]_inst/O
                         net (fo=7, routed)           0.465     0.731    in_IBUF[3]
    SLICE_X111Y76        LUT6 (Prop_lut6_I1_O)        0.045     0.776 r  BCD_OBUF[0]_inst_i_3/O
                         net (fo=1, routed)           0.050     0.826    BCD_OBUF[0]_inst_i_3_n_0
    SLICE_X111Y76        LUT6 (Prop_lut6_I2_O)        0.045     0.871 r  BCD_OBUF[0]_inst_i_2/O
                         net (fo=1, routed)           0.295     1.166    BCD_OBUF[0]_inst_i_2_n_0
    SLICE_X112Y77        LUT5 (Prop_lut5_I2_O)        0.045     1.211 r  BCD_OBUF[0]_inst_i_1/O
                         net (fo=1, routed)           0.499     1.710    BCD_OBUF[0]
    R14                  OBUF (Prop_obuf_I_O)         1.231     2.941 r  BCD_OBUF[0]_inst/O
                         net (fo=0)                   0.000     2.941    BCD[0]
    R14                                                               r  BCD[0] (OUT)
  -------------------------------------------------------------------    -------------------

Slack:                    inf
  Source:                 in[4]
                            (input port)
  Destination:            out_0[4]
                            (output port)
  Path Group:             (none)
  Path Type:              Min at Fast Process Corner
  Data Path Delay:        2.949ns  (logic 1.739ns (58.958%)  route 1.210ns (41.042%))
  Logic Levels:           5  (IBUF=1 LUT4=1 LUT6=2 OBUF=1)

    Location             Delay type                Incr(ns)  Path(ns)    Netlist Resource(s)
  -------------------------------------------------------------------    -------------------
    U19                                               0.000     0.000 f  in[4] (IN)
                         net (fo=0)                   0.000     0.000    in[4]
    U19                  IBUF (Prop_ibuf_I_O)         0.271     0.271 f  in_IBUF[4]_inst/O
                         net (fo=8, routed)           0.425     0.695    in_IBUF[4]
    SLICE_X112Y75        LUT6 (Prop_lut6_I3_O)        0.045     0.740 r  out_0_OBUF[4]_inst_i_3/O
                         net (fo=1, routed)           0.054     0.794    out_0_OBUF[4]_inst_i_3_n_0
    SLICE_X112Y75        LUT6 (Prop_lut6_I2_O)        0.045     0.839 r  out_0_OBUF[4]_inst_i_2/O
                         net (fo=1, routed)           0.339     1.178    out_0_OBUF[4]_inst_i_2_n_0
    SLICE_X112Y78        LUT4 (Prop_lut4_I1_O)        0.045     1.223 r  out_0_OBUF[4]_inst_i_1/O
                         net (fo=1, routed)           0.393     1.616    out_0_OBUF[4]
    V15                  OBUF (Prop_obuf_I_O)         1.333     2.949 r  out_0_OBUF[4]_inst/O
                         net (fo=0)                   0.000     2.949    out_0[4]
    V15                                                               r  out_0[4] (OUT)
  -------------------------------------------------------------------    -------------------

Slack:                    inf
  Source:                 in[4]
                            (input port)
  Destination:            BCD[1]
                            (output port)
  Path Group:             (none)
  Path Type:              Min at Fast Process Corner
  Data Path Delay:        2.990ns  (logic 1.727ns (57.751%)  route 1.263ns (42.249%))
  Logic Levels:           5  (IBUF=1 LUT4=1 LUT6=2 OBUF=1)

    Location             Delay type                Incr(ns)  Path(ns)    Netlist Resource(s)
  -------------------------------------------------------------------    -------------------
    U19                                               0.000     0.000 f  in[4] (IN)
                         net (fo=0)                   0.000     0.000    in[4]
    U19                  IBUF (Prop_ibuf_I_O)         0.271     0.271 f  in_IBUF[4]_inst/O
                         net (fo=8, routed)           0.524     0.794    in_IBUF[4]
    SLICE_X111Y76        LUT4 (Prop_lut4_I1_O)        0.046     0.840 r  BCD_OBUF[1]_inst_i_3/O
                         net (fo=1, routed)           0.140     0.981    BCD_OBUF[1]_inst_i_3_n_0
    SLICE_X111Y76        LUT6 (Prop_lut6_I3_O)        0.107     1.088 r  BCD_OBUF[1]_inst_i_2/O
                         net (fo=1, routed)           0.101     1.189    BCD_OBUF[1]_inst_i_2_n_0
    SLICE_X112Y76        LUT6 (Prop_lut6_I2_O)        0.045     1.234 r  BCD_OBUF[1]_inst_i_1/O
                         net (fo=1, routed)           0.498     1.732    BCD_OBUF[1]
    P14                  OBUF (Prop_obuf_I_O)         1.258     2.990 r  BCD_OBUF[1]_inst/O
                         net (fo=0)                   0.000     2.990    BCD[1]
    P14                                                               r  BCD[1] (OUT)
  -------------------------------------------------------------------    -------------------

Slack:                    inf
  Source:                 in[4]
                            (input port)
  Destination:            out_0[3]
                            (output port)
  Path Group:             (none)
  Path Type:              Min at Fast Process Corner
  Data Path Delay:        3.029ns  (logic 1.731ns (57.135%)  route 1.298ns (42.865%))
  Logic Levels:           5  (IBUF=1 LUT5=1 LUT6=2 OBUF=1)

    Location             Delay type                Incr(ns)  Path(ns)    Netlist Resource(s)
  -------------------------------------------------------------------    -------------------
    U19                                               0.000     0.000 r  in[4] (IN)
                         net (fo=0)                   0.000     0.000    in[4]
    U19                  IBUF (Prop_ibuf_I_O)         0.271     0.271 r  in_IBUF[4]_inst/O
                         net (fo=8, routed)           0.445     0.716    in_IBUF[4]
    SLICE_X113Y76        LUT6 (Prop_lut6_I1_O)        0.045     0.761 r  out_0_OBUF[6]_inst_i_3/O
                         net (fo=2, routed)           0.064     0.824    out_0_OBUF[6]_inst_i_3_n_0
    SLICE_X113Y76        LUT6 (Prop_lut6_I2_O)        0.045     0.869 r  out_0_OBUF[3]_inst_i_2/O
                         net (fo=1, routed)           0.211     1.081    out_0_OBUF[3]_inst_i_2_n_0
    SLICE_X113Y76        LUT5 (Prop_lut5_I2_O)        0.045     1.126 r  out_0_OBUF[3]_inst_i_1/O
                         net (fo=1, routed)           0.578     1.704    out_0_OBUF[3]
    V13                  OBUF (Prop_obuf_I_O)         1.325     3.029 r  out_0_OBUF[3]_inst/O
                         net (fo=0)                   0.000     3.029    out_0[3]
    V13                                                               r  out_0[3] (OUT)
  -------------------------------------------------------------------    -------------------

Slack:                    inf
  Source:                 in[15]
                            (input port)
  Destination:            out_1[3]
                            (output port)
  Path Group:             (none)
  Path Type:              Min at Fast Process Corner
  Data Path Delay:        3.046ns  (logic 1.570ns (51.553%)  route 1.476ns (48.447%))
  Logic Levels:           3  (IBUF=1 LUT6=1 OBUF=1)

    Location             Delay type                Incr(ns)  Path(ns)    Netlist Resource(s)
  -------------------------------------------------------------------    -------------------
    C20                                               0.000     0.000 r  in[15] (IN)
                         net (fo=0)                   0.000     0.000    in[15]
    C20                  IBUF (Prop_ibuf_I_O)         0.240     0.240 r  in_IBUF[15]_inst/O
                         net (fo=12, routed)          1.105     1.345    in_IBUF[15]
    SLICE_X113Y77        LUT6 (Prop_lut6_I5_O)        0.045     1.390 r  out_1_OBUF[6]_inst_i_1/O
                         net (fo=4, routed)           0.370     1.761    out_1_OBUF[1]
    T16                  OBUF (Prop_obuf_I_O)         1.285     3.046 r  out_1_OBUF[3]_inst/O
                         net (fo=0)                   0.000     3.046    out_1[3]
    T16                                                               r  out_1[3] (OUT)
  -------------------------------------------------------------------    -------------------

Slack:                    inf
  Source:                 in[15]
                            (input port)
  Destination:            out_0[5]
                            (output port)
  Path Group:             (none)
  Path Type:              Min at Fast Process Corner
  Data Path Delay:        3.165ns  (logic 1.564ns (49.414%)  route 1.601ns (50.586%))
  Logic Levels:           3  (IBUF=1 LUT6=1 OBUF=1)

    Location             Delay type                Incr(ns)  Path(ns)    Netlist Resource(s)
  -------------------------------------------------------------------    -------------------
    C20                                               0.000     0.000 r  in[15] (IN)
                         net (fo=0)                   0.000     0.000    in[15]
    C20                  IBUF (Prop_ibuf_I_O)         0.240     0.240 r  in_IBUF[15]_inst/O
                         net (fo=12, routed)          1.098     1.338    in_IBUF[15]
    SLICE_X113Y76        LUT6 (Prop_lut6_I5_O)        0.045     1.383 r  out_0_OBUF[5]_inst_i_1/O
                         net (fo=1, routed)           0.503     1.886    out_0_OBUF[5]
    T15                  OBUF (Prop_obuf_I_O)         1.279     3.165 r  out_0_OBUF[5]_inst/O
                         net (fo=0)                   0.000     3.165    out_0[5]
    T15                                                               r  out_0[5] (OUT)
  -------------------------------------------------------------------    -------------------

Slack:                    inf
  Source:                 in[4]
                            (input port)
  Destination:            out_0[0]
                            (output port)
  Path Group:             (none)
  Path Type:              Min at Fast Process Corner
  Data Path Delay:        3.173ns  (logic 1.755ns (55.289%)  route 1.419ns (44.711%))
  Logic Levels:           5  (IBUF=1 LUT4=1 LUT6=2 OBUF=1)

    Location             Delay type                Incr(ns)  Path(ns)    Netlist Resource(s)
  -------------------------------------------------------------------    -------------------
    U19                                               0.000     0.000 f  in[4] (IN)
                         net (fo=0)                   0.000     0.000    in[4]
    U19                  IBUF (Prop_ibuf_I_O)         0.271     0.271 f  in_IBUF[4]_inst/O
                         net (fo=8, routed)           0.494     0.765    in_IBUF[4]
    SLICE_X112Y77        LUT6 (Prop_lut6_I2_O)        0.045     0.810 r  out_0_OBUF[0]_inst_i_3/O
                         net (fo=1, routed)           0.054     0.864    out_0_OBUF[0]_inst_i_3_n_0
    SLICE_X112Y77        LUT6 (Prop_lut6_I3_O)        0.045     0.909 r  out_0_OBUF[0]_inst_i_2/O
                         net (fo=1, routed)           0.366     1.275    out_0_OBUF[0]_inst_i_2_n_0
    SLICE_X112Y78        LUT4 (Prop_lut4_I1_O)        0.044     1.319 r  out_0_OBUF[0]_inst_i_1/O
                         net (fo=1, routed)           0.505     1.824    out_0_OBUF[0]
    T14                  OBUF (Prop_obuf_I_O)         1.350     3.173 r  out_0_OBUF[0]_inst/O
                         net (fo=0)                   0.000     3.173    out_0[0]
    T14                                                               r  out_0[0] (OUT)
  -------------------------------------------------------------------    -------------------

Slack:                    inf
  Source:                 in[4]
                            (input port)
  Destination:            out_0[1]
                            (output port)
  Path Group:             (none)
  Path Type:              Min at Fast Process Corner
  Data Path Delay:        3.239ns  (logic 1.731ns (53.458%)  route 1.507ns (46.542%))
  Logic Levels:           5  (IBUF=1 LUT5=1 LUT6=2 OBUF=1)

    Location             Delay type                Incr(ns)  Path(ns)    Netlist Resource(s)
  -------------------------------------------------------------------    -------------------
    U19                                               0.000     0.000 f  in[4] (IN)
                         net (fo=0)                   0.000     0.000    in[4]
    U19                  IBUF (Prop_ibuf_I_O)         0.271     0.271 f  in_IBUF[4]_inst/O
                         net (fo=8, routed)           0.477     0.748    in_IBUF[4]
    SLICE_X112Y75        LUT6 (Prop_lut6_I2_O)        0.045     0.793 r  out_0_OBUF[1]_inst_i_3/O
                         net (fo=1, routed)           0.269     1.061    out_0_OBUF[1]_inst_i_3_n_0
    SLICE_X112Y76        LUT6 (Prop_lut6_I2_O)        0.045     1.106 r  out_0_OBUF[1]_inst_i_2/O
                         net (fo=1, routed)           0.122     1.228    out_0_OBUF[1]_inst_i_2_n_0
    SLICE_X112Y76        LUT5 (Prop_lut5_I2_O)        0.045     1.273 r  out_0_OBUF[1]_inst_i_1/O
                         net (fo=1, routed)           0.640     1.913    out_0_OBUF[1]
    U12                  OBUF (Prop_obuf_I_O)         1.325     3.239 r  out_0_OBUF[1]_inst/O
                         net (fo=0)                   0.000     3.239    out_0[1]
    U12                                                               r  out_0[1] (OUT)
  -------------------------------------------------------------------    -------------------

Slack:                    inf
  Source:                 in[4]
                            (input port)
  Destination:            out_0[2]
                            (output port)
  Path Group:             (none)
  Path Type:              Min at Fast Process Corner
  Data Path Delay:        3.260ns  (logic 1.730ns (53.052%)  route 1.530ns (46.948%))
  Logic Levels:           5  (IBUF=1 LUT5=1 LUT6=2 OBUF=1)

    Location             Delay type                Incr(ns)  Path(ns)    Netlist Resource(s)
  -------------------------------------------------------------------    -------------------
    U19                                               0.000     0.000 r  in[4] (IN)
                         net (fo=0)                   0.000     0.000    in[4]
    U19                  IBUF (Prop_ibuf_I_O)         0.271     0.271 r  in_IBUF[4]_inst/O
                         net (fo=8, routed)           0.595     0.866    in_IBUF[4]
    SLICE_X113Y77        LUT6 (Prop_lut6_I1_O)        0.045     0.911 r  out_0_OBUF[2]_inst_i_3/O
                         net (fo=1, routed)           0.135     1.046    out_0_OBUF[2]_inst_i_3_n_0
    SLICE_X113Y77        LUT6 (Prop_lut6_I2_O)        0.045     1.091 r  out_0_OBUF[2]_inst_i_2/O
                         net (fo=1, routed)           0.222     1.313    out_0_OBUF[2]_inst_i_2_n_0
    SLICE_X113Y77        LUT5 (Prop_lut5_I2_O)        0.045     1.358 r  out_0_OBUF[2]_inst_i_1/O
                         net (fo=1, routed)           0.578     1.936    out_0_OBUF[2]
    U13                  OBUF (Prop_obuf_I_O)         1.324     3.260 r  out_0_OBUF[2]_inst/O
                         net (fo=0)                   0.000     3.260    out_0[2]
    U13                                                               r  out_0[2] (OUT)
  -------------------------------------------------------------------    -------------------





